# JRE version: Java(TM) SE Runtime Environment (8.0_101-b13) (build 1.8.0_101-b13)
# Java VM: Java HotSpot(TM) 64-Bit Server VM (25.101-b13 mixed mode bsd-amd64 compressed oops)
Heap:
 PSYoungGen      total 66048K, used 36062K [0x0000000795580000, 0x000000079a280000, 0x00000007c0000000)
  eden space 56320K, 55% used [0x0000000795580000,0x0000000797403a20,0x0000000798c80000)
  from space 9728K, 49% used [0x0000000799900000,0x0000000799db4160,0x000000079a280000)
  to   space 11264K, 0% used [0x0000000798c80000,0x0000000798c80000,0x0000000799780000)
 ParOldGen       total 67072K, used 16984K [0x0000000740000000, 0x0000000744180000, 0x0000000795580000)
  object space 67072K, 25% used [0x0000000740000000,0x00000007410960d8,0x0000000744180000)
 Metaspace       used 24070K, capacity 24331K, committed 24832K, reserved 1071104K
  class space    used 2369K, capacity 2482K, committed 2560K, reserved 1048576K
GC Heap History (10 events):
Event: 16.501 GC heap before
{Heap before GC invocations=7 (full 1):
 PSYoungGen      total 53248K, used 53200K [0x0000000795580000, 0x000000079ab80000, 0x00000007c0000000)
  eden space 48128K, 100% used [0x0000000795580000,0x0000000798480000,0x0000000798480000)
  from space 5120K, 99% used [0x0000000798480000,0x00000007989741a0,0x0000000798980000)
  to   space 12800K, 0% used [0x0000000799f00000,0x0000000799f00000,0x000000079ab80000)
 ParOldGen       total 67072K, used 16976K [0x0000000740000000, 0x0000000744180000, 0x0000000795580000)
  object space 67072K, 25% used [0x0000000740000000,0x00000007410940d8,0x0000000744180000)
 Metaspace       used 24037K, capacity 24299K, committed 24832K, reserved 1071104K
  class space    used 2361K, capacity 2450K, committed 2560K, reserved 1048576K
Event: 16.504 GC heap after
Heap after GC invocations=7 (full 1):
 PSYoungGen      total 74240K, used 4800K [0x0000000795580000, 0x000000079ab00000, 0x00000007c0000000)
  eden space 61952K, 0% used [0x0000000795580000,0x0000000795580000,0x0000000799200000)
  from space 12288K, 39% used [0x0000000799f00000,0x000000079a3b0150,0x000000079ab00000)
  to   space 12800K, 0% used [0x0000000799200000,0x0000000799200000,0x0000000799e80000)
 ParOldGen       total 67072K, used 16984K [0x0000000740000000, 0x0000000744180000, 0x0000000795580000)
  object space 67072K, 25% used [0x0000000740000000,0x00000007410960d8,0x0000000744180000)
 Metaspace       used 24037K, capacity 24299K, committed 24832K, reserved 1071104K
  class space    used 2361K, capacity 2450K, committed 2560K, reserved 1048576K
}
Event: 23.853 GC heap before
{Heap before GC invocations=8 (full 1):
 PSYoungGen      total 74240K, used 66752K [0x0000000795580000, 0x000000079ab00000, 0x00000007c0000000)
  eden space 61952K, 100% used [0x0000000795580000,0x0000000799200000,0x0000000799200000)
  from space 12288K, 39% used [0x0000000799f00000,0x000000079a3b0150,0x000000079ab00000)
  to   space 12800K, 0% used [0x0000000799200000,0x0000000799200000,0x0000000799e80000)
 ParOldGen       total 67072K, used 16984K [0x0000000740000000, 0x0000000744180000, 0x0000000795580000)
  object space 67072K, 25% used [0x0000000740000000,0x00000007410960d8,0x0000000744180000)
 Metaspace       used 24038K, capacity 24299K, committed 24832K, reserved 1071104K
  class space    used 2361K, capacity 2450K, committed 2560K, reserved 1048576K
Event: 23.856 GC heap after
Heap after GC invocations=8 (full 1):
 PSYoungGen      total 65536K, used 4800K [0x0000000795580000, 0x000000079a880000, 0x00000007c0000000)
  eden space 60416K, 0% used [0x0000000795580000,0x0000000795580000,0x0000000799080000)
  from space 5120K, 93% used [0x0000000799200000,0x00000007996b0170,0x0000000799700000)
  to   space 12288K, 0% used [0x0000000799c80000,0x0000000799c80000,0x000000079a880000)
 ParOldGen       total 67072K, used 16984K [0x0000000740000000, 0x0000000744180000, 0x0000000795580000)
  object space 67072K, 25% used [0x0000000740000000,0x00000007410960d8,0x0000000744180000)
 Metaspace       used 24038K, capacity 24299K, committed 24832K, reserved 1071104K
  class space    used 2361K, capacity 2450K, committed 2560K, reserved 1048576K
}
Event: 31.037 GC heap before
{Heap before GC invocations=9 (full 1):
 PSYoungGen      total 65536K, used 65216K [0x0000000795580000, 0x000000079a880000, 0x00000007c0000000)
  eden space 60416K, 100% used [0x0000000795580000,0x0000000799080000,0x0000000799080000)
  from space 5120K, 93% used [0x0000000799200000,0x00000007996b0170,0x0000000799700000)
  to   space 12288K, 0% used [0x0000000799c80000,0x0000000799c80000,0x000000079a880000)
 ParOldGen       total 67072K, used 16984K [0x0000000740000000, 0x0000000744180000, 0x0000000795580000)
  object space 67072K, 25% used [0x0000000740000000,0x00000007410960d8,0x0000000744180000)
 Metaspace       used 24040K, capacity 24299K, committed 24832K, reserved 1071104K
  class space    used 2361K, capacity 2450K, committed 2560K, reserved 1048576K
Event: 31.039 GC heap after
Heap after GC invocations=9 (full 1):
 PSYoungGen      total 68608K, used 4784K [0x0000000795580000, 0x000000079a600000, 0x00000007c0000000)
  eden space 58880K, 0% used [0x0000000795580000,0x0000000795580000,0x0000000798f00000)
  from space 9728K, 49% used [0x0000000799c80000,0x000000079a12c160,0x000000079a600000)
  to   space 11776K, 0% used [0x0000000798f00000,0x0000000798f00000,0x0000000799a80000)
 ParOldGen       total 67072K, used 16984K [0x0000000740000000, 0x0000000744180000, 0x0000000795580000)
  object space 67072K, 25% used [0x0000000740000000,0x00000007410960d8,0x0000000744180000)
 Metaspace       used 24040K, capacity 24299K, committed 24832K, reserved 1071104K
  class space    used 2361K, capacity 2450K, committed 2560K, reserved 1048576K
}
Event: 38.040 GC heap before
{Heap before GC invocations=10 (full 1):
 PSYoungGen      total 68608K, used 63664K [0x0000000795580000, 0x000000079a600000, 0x00000007c0000000)
  eden space 58880K, 100% used [0x0000000795580000,0x0000000798f00000,0x0000000798f00000)
  from space 9728K, 49% used [0x0000000799c80000,0x000000079a12c160,0x000000079a600000)
  to   space 11776K, 0% used [0x0000000798f00000,0x0000000798f00000,0x0000000799a80000)
 ParOldGen       total 67072K, used 16984K [0x0000000740000000, 0x0000000744180000, 0x0000000795580000)
  object space 67072K, 25% used [0x0000000740000000,0x00000007410960d8,0x0000000744180000)
 Metaspace       used 24040K, capacity 24299K, committed 24832K, reserved 1071104K
  class space    used 2361K, capacity 2450K, committed 2560K, reserved 1048576K
Event: 38.042 GC heap after
Heap after GC invocations=10 (full 1):
 PSYoungGen      total 62464K, used 4800K [0x0000000795580000, 0x000000079a480000, 0x00000007c0000000)
  eden space 57344K, 0% used [0x0000000795580000,0x0000000795580000,0x0000000798d80000)
  from space 5120K, 93% used [0x0000000798f00000,0x00000007993b0150,0x0000000799400000)
  to   space 11776K, 0% used [0x0000000799900000,0x0000000799900000,0x000000079a480000)
 ParOldGen       total 67072K, used 16984K [0x0000000740000000, 0x0000000744180000, 0x0000000795580000)
  object space 67072K, 25% used [0x0000000740000000,0x00000007410960d8,0x0000000744180000)
 Metaspace       used 24040K, capacity 24299K, committed 24832K, reserved 1071104K
  class space    used 2361K, capacity 2450K, committed 2560K, reserved 1048576K
}
Event: 44.860 GC heap before
{Heap before GC invocations=11 (full 1):
 PSYoungGen      total 62464K, used 62144K [0x0000000795580000, 0x000000079a480000, 0x00000007c0000000)
  eden space 57344K, 100% used [0x0000000795580000,0x0000000798d80000,0x0000000798d80000)
  from space 5120K, 93% used [0x0000000798f00000,0x00000007993b0150,0x0000000799400000)
  to   space 11776K, 0% used [0x0000000799900000,0x0000000799900000,0x000000079a480000)
 ParOldGen       total 67072K, used 16984K [0x0000000740000000, 0x0000000744180000, 0x0000000795580000)
  object space 67072K, 25% used [0x0000000740000000,0x00000007410960d8,0x0000000744180000)
 Metaspace       used 24040K, capacity 24299K, committed 24832K, reserved 1071104K
  class space    used 2361K, capacity 2450K, committed 2560K, reserved 1048576K
Event: 44.863 GC heap after
Heap after GC invocations=11 (full 1):
 PSYoungGen      total 66048K, used 4816K [0x0000000795580000, 0x000000079a280000, 0x00000007c0000000)
  eden space 56320K, 0% used [0x0000000795580000,0x0000000795580000,0x0000000798c80000)
  from space 9728K, 49% used [0x0000000799900000,0x0000000799db4160,0x000000079a280000)
  to   space 11264K, 0% used [0x0000000798c80000,0x0000000798c80000,0x0000000799780000)
 ParOldGen       total 67072K, used 16984K [0x0000000740000000, 0x0000000744180000, 0x0000000795580000)
  object space 67072K, 25% used [0x0000000740000000,0x00000007410960d8,0x0000000744180000)
 Metaspace       used 24040K, capacity 24299K, committed 24832K, reserved 1071104K
  class space    used 2361K, capacity 2450K, committed 2560K, reserved 1048576K
}

