# JRE version: Java(TM) SE Runtime Environment (8.0_101-b13) (build 1.8.0_101-b13)
# Java VM: Java HotSpot(TM) 64-Bit Server VM (25.101-b13 mixed mode bsd-amd64 compressed oops)
Heap:
 PSYoungGen      total 68608K, used 20403K [0x0000000795580000, 0x000000079a600000, 0x00000007c0000000)
  eden space 57856K, 26% used [0x0000000795580000,0x00000007964bcdc8,0x0000000798e00000)
  from space 10752K, 44% used [0x0000000799b80000,0x000000079a0300a0,0x000000079a600000)
  to   space 12288K, 0% used [0x0000000798e00000,0x0000000798e00000,0x0000000799a00000)
 ParOldGen       total 67584K, used 16770K [0x0000000740000000, 0x0000000744200000, 0x0000000795580000)
  object space 67584K, 24% used [0x0000000740000000,0x0000000741060b60,0x0000000744200000)
 Metaspace       used 24070K, capacity 24331K, committed 24832K, reserved 1071104K
  class space    used 2367K, capacity 2482K, committed 2560K, reserved 1048576K
GC Heap History (10 events):
Event: 5.789 GC heap before
{Heap before GC invocations=5 (full 1):
 PSYoungGen      total 38400K, used 38368K [0x0000000795580000, 0x0000000798e00000, 0x00000007c0000000)
  eden space 33280K, 100% used [0x0000000795580000,0x0000000797600000,0x0000000797600000)
  from space 5120K, 99% used [0x0000000797600000,0x0000000797af80e0,0x0000000797b00000)
  to   space 5120K, 0% used [0x0000000798900000,0x0000000798900000,0x0000000798e00000)
 ParOldGen       total 67584K, used 15058K [0x0000000740000000, 0x0000000744200000, 0x0000000795580000)
  object space 67584K, 22% used [0x0000000740000000,0x0000000740eb4b00,0x0000000744200000)
 Metaspace       used 23689K, capacity 23973K, committed 24320K, reserved 1071104K
  class space    used 2359K, capacity 2449K, committed 2560K, reserved 1048576K
Event: 5.793 GC heap after
Heap after GC invocations=5 (full 1):
 PSYoungGen      total 51200K, used 5088K [0x0000000795580000, 0x0000000798e00000, 0x00000007c0000000)
  eden space 46080K, 0% used [0x0000000795580000,0x0000000795580000,0x0000000798280000)
  from space 5120K, 99% used [0x0000000798900000,0x0000000798df80e0,0x0000000798e00000)
  to   space 5120K, 0% used [0x0000000798400000,0x0000000798400000,0x0000000798900000)
 ParOldGen       total 67584K, used 16730K [0x0000000740000000, 0x0000000744200000, 0x0000000795580000)
  object space 67584K, 24% used [0x0000000740000000,0x0000000741056b60,0x0000000744200000)
 Metaspace       used 23689K, capacity 23973K, committed 24320K, reserved 1071104K
  class space    used 2359K, capacity 2449K, committed 2560K, reserved 1048576K
}
Event: 11.008 GC heap before
{Heap before GC invocations=6 (full 1):
 PSYoungGen      total 51200K, used 51168K [0x0000000795580000, 0x0000000798e00000, 0x00000007c0000000)
  eden space 46080K, 100% used [0x0000000795580000,0x0000000798280000,0x0000000798280000)
  from space 5120K, 99% used [0x0000000798900000,0x0000000798df80e0,0x0000000798e00000)
  to   space 5120K, 0% used [0x0000000798400000,0x0000000798400000,0x0000000798900000)
 ParOldGen       total 67584K, used 16730K [0x0000000740000000, 0x0000000744200000, 0x0000000795580000)
  object space 67584K, 24% used [0x0000000740000000,0x0000000741056b60,0x0000000744200000)
 Metaspace       used 23949K, capacity 24171K, committed 24576K, reserved 1071104K
  class space    used 2360K, capacity 2450K, committed 2560K, reserved 1048576K
Event: 11.011 GC heap after
Heap after GC invocations=6 (full 1):
 PSYoungGen      total 52736K, used 5088K [0x0000000795580000, 0x000000079aa80000, 0x00000007c0000000)
  eden space 47616K, 0% used [0x0000000795580000,0x0000000795580000,0x0000000798400000)
  from space 5120K, 99% used [0x0000000798400000,0x00000007988f80e0,0x0000000798900000)
  to   space 12800K, 0% used [0x0000000799e00000,0x0000000799e00000,0x000000079aa80000)
 ParOldGen       total 67584K, used 16754K [0x0000000740000000, 0x0000000744200000, 0x0000000795580000)
  object space 67584K, 24% used [0x0000000740000000,0x000000074105cb60,0x0000000744200000)
 Metaspace       used 23949K, capacity 24171K, committed 24576K, reserved 1071104K
  class space    used 2360K, capacity 2450K, committed 2560K, reserved 1048576K
}
Event: 16.559 GC heap before
{Heap before GC invocations=7 (full 1):
 PSYoungGen      total 52736K, used 52704K [0x0000000795580000, 0x000000079aa80000, 0x00000007c0000000)
  eden space 47616K, 100% used [0x0000000795580000,0x0000000798400000,0x0000000798400000)
  from space 5120K, 99% used [0x0000000798400000,0x00000007988f80e0,0x0000000798900000)
  to   space 12800K, 0% used [0x0000000799e00000,0x0000000799e00000,0x000000079aa80000)
 ParOldGen       total 67584K, used 16754K [0x0000000740000000, 0x0000000744200000, 0x0000000795580000)
  object space 67584K, 24% used [0x0000000740000000,0x000000074105cb60,0x0000000744200000)
 Metaspace       used 24028K, capacity 24299K, committed 24832K, reserved 1071104K
  class space    used 2360K, capacity 2450K, committed 2560K, reserved 1048576K
Event: 16.562 GC heap after
Heap after GC invocations=7 (full 1):
 PSYoungGen      total 73216K, used 4832K [0x0000000795580000, 0x000000079aa00000, 0x00000007c0000000)
  eden space 60928K, 0% used [0x0000000795580000,0x0000000795580000,0x0000000799100000)
  from space 12288K, 39% used [0x0000000799e00000,0x000000079a2b80a0,0x000000079aa00000)
  to   space 12800K, 0% used [0x0000000799100000,0x0000000799100000,0x0000000799d80000)
 ParOldGen       total 67584K, used 16754K [0x0000000740000000, 0x0000000744200000, 0x0000000795580000)
  object space 67584K, 24% used [0x0000000740000000,0x000000074105cb60,0x0000000744200000)
 Metaspace       used 24028K, capacity 24299K, committed 24832K, reserved 1071104K
  class space    used 2360K, capacity 2450K, committed 2560K, reserved 1048576K
}
Event: 23.792 GC heap before
{Heap before GC invocations=8 (full 1):
 PSYoungGen      total 73216K, used 65760K [0x0000000795580000, 0x000000079aa00000, 0x00000007c0000000)
  eden space 60928K, 100% used [0x0000000795580000,0x0000000799100000,0x0000000799100000)
  from space 12288K, 39% used [0x0000000799e00000,0x000000079a2b80a0,0x000000079aa00000)
  to   space 12800K, 0% used [0x0000000799100000,0x0000000799100000,0x0000000799d80000)
 ParOldGen       total 67584K, used 16754K [0x0000000740000000, 0x0000000744200000, 0x0000000795580000)
  object space 67584K, 24% used [0x0000000740000000,0x000000074105cb60,0x0000000744200000)
 Metaspace       used 24029K, capacity 24299K, committed 24832K, reserved 1071104K
  class space    used 2360K, capacity 2450K, committed 2560K, reserved 1048576K
Event: 23.795 GC heap after
Heap after GC invocations=8 (full 1):
 PSYoungGen      total 64512K, used 4832K [0x0000000795580000, 0x000000079a780000, 0x00000007c0000000)
  eden space 59392K, 0% used [0x0000000795580000,0x0000000795580000,0x0000000798f80000)
  from space 5120K, 94% used [0x0000000799100000,0x00000007995b80a0,0x0000000799600000)
  to   space 12288K, 0% used [0x0000000799b80000,0x0000000799b80000,0x000000079a780000)
 ParOldGen       total 67584K, used 16762K [0x0000000740000000, 0x0000000744200000, 0x0000000795580000)
  object space 67584K, 24% used [0x0000000740000000,0x000000074105eb60,0x0000000744200000)
 Metaspace       used 24029K, capacity 24299K, committed 24832K, reserved 1071104K
  class space    used 2360K, capacity 2450K, committed 2560K, reserved 1048576K
}
Event: 30.828 GC heap before
{Heap before GC invocations=9 (full 1):
 PSYoungGen      total 64512K, used 64224K [0x0000000795580000, 0x000000079a780000, 0x00000007c0000000)
  eden space 59392K, 100% used [0x0000000795580000,0x0000000798f80000,0x0000000798f80000)
  from space 5120K, 94% used [0x0000000799100000,0x00000007995b80a0,0x0000000799600000)
  to   space 12288K, 0% used [0x0000000799b80000,0x0000000799b80000,0x000000079a780000)
 ParOldGen       total 67584K, used 16762K [0x0000000740000000, 0x0000000744200000, 0x0000000795580000)
  object space 67584K, 24% used [0x0000000740000000,0x000000074105eb60,0x0000000744200000)
 Metaspace       used 24040K, capacity 24299K, committed 24832K, reserved 1071104K
  class space    used 2360K, capacity 2450K, committed 2560K, reserved 1048576K
Event: 30.830 GC heap after
Heap after GC invocations=9 (full 1):
 PSYoungGen      total 68608K, used 4800K [0x0000000795580000, 0x000000079a600000, 0x00000007c0000000)
  eden space 57856K, 0% used [0x0000000795580000,0x0000000795580000,0x0000000798e00000)
  from space 10752K, 44% used [0x0000000799b80000,0x000000079a0300a0,0x000000079a600000)
  to   space 12288K, 0% used [0x0000000798e00000,0x0000000798e00000,0x0000000799a00000)
 ParOldGen       total 67584K, used 16770K [0x0000000740000000, 0x0000000744200000, 0x0000000795580000)
  object space 67584K, 24% used [0x0000000740000000,0x0000000741060b60,0x0000000744200000)
 Metaspace       used 24040K, capacity 24299K, committed 24832K, reserved 1071104K
  class space    used 2360K, capacity 2450K, committed 2560K, reserved 1048576K
}

