# JRE version: Java(TM) SE Runtime Environment (8.0_101-b13) (build 1.8.0_101-b13)
# Java VM: Java HotSpot(TM) 64-Bit Server VM (25.101-b13 mixed mode bsd-amd64 compressed oops)
Heap:
 PSYoungGen      total 29696K, used 22981K [0x0000000795580000, 0x0000000797380000, 0x00000007c0000000)
  eden space 29184K, 78% used [0x0000000795580000,0x0000000796be14e8,0x0000000797200000)
  from space 512K, 12% used [0x0000000797300000,0x0000000797310000,0x0000000797380000)
  to   space 512K, 0% used [0x0000000797280000,0x0000000797280000,0x0000000797300000)
 ParOldGen       total 68096K, used 21320K [0x0000000740000000, 0x0000000744280000, 0x0000000795580000)
  object space 68096K, 31% used [0x0000000740000000,0x00000007414d20c0,0x0000000744280000)
 Metaspace       used 23665K, capacity 23911K, committed 24320K, reserved 1071104K
  class space    used 2338K, capacity 2450K, committed 2560K, reserved 1048576K
GC Heap History (10 events):
Event: 4626.780 GC heap before
{Heap before GC invocations=613 (full 1):
 PSYoungGen      total 29696K, used 29312K [0x0000000795580000, 0x0000000797380000, 0x00000007c0000000)
  eden space 29184K, 100% used [0x0000000795580000,0x0000000797200000,0x0000000797200000)
  from space 512K, 25% used [0x0000000797280000,0x00000007972a0000,0x0000000797300000)
  to   space 512K, 0% used [0x0000000797300000,0x0000000797300000,0x0000000797380000)
 ParOldGen       total 68096K, used 21320K [0x0000000740000000, 0x0000000744280000, 0x0000000795580000)
  object space 68096K, 31% used [0x0000000740000000,0x00000007414d20c0,0x0000000744280000)
 Metaspace       used 23598K, capacity 23805K, committed 23936K, reserved 1071104K
  class space    used 2328K, capacity 2417K, committed 2432K, reserved 1048576K
Event: 4626.781 GC heap after
Heap after GC invocations=613 (full 1):
 PSYoungGen      total 29696K, used 64K [0x0000000795580000, 0x0000000797380000, 0x00000007c0000000)
  eden space 29184K, 0% used [0x0000000795580000,0x0000000795580000,0x0000000797200000)
  from space 512K, 12% used [0x0000000797300000,0x0000000797310000,0x0000000797380000)
  to   space 512K, 0% used [0x0000000797280000,0x0000000797280000,0x0000000797300000)
 ParOldGen       total 68096K, used 21320K [0x0000000740000000, 0x0000000744280000, 0x0000000795580000)
  object space 68096K, 31% used [0x0000000740000000,0x00000007414d20c0,0x0000000744280000)
 Metaspace       used 23598K, capacity 23805K, committed 23936K, reserved 1071104K
  class space    used 2328K, capacity 2417K, committed 2432K, reserved 1048576K
}
Event: 4634.097 GC heap before
{Heap before GC invocations=614 (full 1):
 PSYoungGen      total 29696K, used 29248K [0x0000000795580000, 0x0000000797380000, 0x00000007c0000000)
  eden space 29184K, 100% used [0x0000000795580000,0x0000000797200000,0x0000000797200000)
  from space 512K, 12% used [0x0000000797300000,0x0000000797310000,0x0000000797380000)
  to   space 512K, 0% used [0x0000000797280000,0x0000000797280000,0x0000000797300000)
 ParOldGen       total 68096K, used 21320K [0x0000000740000000, 0x0000000744280000, 0x0000000795580000)
  object space 68096K, 31% used [0x0000000740000000,0x00000007414d20c0,0x0000000744280000)
 Metaspace       used 23598K, capacity 23805K, committed 23936K, reserved 1071104K
  class space    used 2328K, capacity 2417K, committed 2432K, reserved 1048576K
Event: 4634.098 GC heap after
Heap after GC invocations=614 (full 1):
 PSYoungGen      total 29696K, used 64K [0x0000000795580000, 0x0000000797380000, 0x00000007c0000000)
  eden space 29184K, 0% used [0x0000000795580000,0x0000000795580000,0x0000000797200000)
  from space 512K, 12% used [0x0000000797280000,0x0000000797290000,0x0000000797300000)
  to   space 512K, 0% used [0x0000000797300000,0x0000000797300000,0x0000000797380000)
 ParOldGen       total 68096K, used 21320K [0x0000000740000000, 0x0000000744280000, 0x0000000795580000)
  object space 68096K, 31% used [0x0000000740000000,0x00000007414d20c0,0x0000000744280000)
 Metaspace       used 23598K, capacity 23805K, committed 23936K, reserved 1071104K
  class space    used 2328K, capacity 2417K, committed 2432K, reserved 1048576K
}
Event: 4641.416 GC heap before
{Heap before GC invocations=615 (full 1):
 PSYoungGen      total 29696K, used 29248K [0x0000000795580000, 0x0000000797380000, 0x00000007c0000000)
  eden space 29184K, 100% used [0x0000000795580000,0x0000000797200000,0x0000000797200000)
  from space 512K, 12% used [0x0000000797280000,0x0000000797290000,0x0000000797300000)
  to   space 512K, 0% used [0x0000000797300000,0x0000000797300000,0x0000000797380000)
 ParOldGen       total 68096K, used 21320K [0x0000000740000000, 0x0000000744280000, 0x0000000795580000)
  object space 68096K, 31% used [0x0000000740000000,0x00000007414d20c0,0x0000000744280000)
 Metaspace       used 23598K, capacity 23805K, committed 23936K, reserved 1071104K
  class space    used 2328K, capacity 2417K, committed 2432K, reserved 1048576K
Event: 4641.418 GC heap after
Heap after GC invocations=615 (full 1):
 PSYoungGen      total 29696K, used 64K [0x0000000795580000, 0x0000000797380000, 0x00000007c0000000)
  eden space 29184K, 0% used [0x0000000795580000,0x0000000795580000,0x0000000797200000)
  from space 512K, 12% used [0x0000000797300000,0x0000000797310000,0x0000000797380000)
  to   space 512K, 0% used [0x0000000797280000,0x0000000797280000,0x0000000797300000)
 ParOldGen       total 68096K, used 21320K [0x0000000740000000, 0x0000000744280000, 0x0000000795580000)
  object space 68096K, 31% used [0x0000000740000000,0x00000007414d20c0,0x0000000744280000)
 Metaspace       used 23598K, capacity 23805K, committed 23936K, reserved 1071104K
  class space    used 2328K, capacity 2417K, committed 2432K, reserved 1048576K
}
Event: 4648.737 GC heap before
{Heap before GC invocations=616 (full 1):
 PSYoungGen      total 29696K, used 29248K [0x0000000795580000, 0x0000000797380000, 0x00000007c0000000)
  eden space 29184K, 100% used [0x0000000795580000,0x0000000797200000,0x0000000797200000)
  from space 512K, 12% used [0x0000000797300000,0x0000000797310000,0x0000000797380000)
  to   space 512K, 0% used [0x0000000797280000,0x0000000797280000,0x0000000797300000)
 ParOldGen       total 68096K, used 21320K [0x0000000740000000, 0x0000000744280000, 0x0000000795580000)
  object space 68096K, 31% used [0x0000000740000000,0x00000007414d20c0,0x0000000744280000)
 Metaspace       used 23598K, capacity 23805K, committed 23936K, reserved 1071104K
  class space    used 2328K, capacity 2417K, committed 2432K, reserved 1048576K
Event: 4648.738 GC heap after
Heap after GC invocations=616 (full 1):
 PSYoungGen      total 29696K, used 96K [0x0000000795580000, 0x0000000797380000, 0x00000007c0000000)
  eden space 29184K, 0% used [0x0000000795580000,0x0000000795580000,0x0000000797200000)
  from space 512K, 18% used [0x0000000797280000,0x0000000797298000,0x0000000797300000)
  to   space 512K, 0% used [0x0000000797300000,0x0000000797300000,0x0000000797380000)
 ParOldGen       total 68096K, used 21320K [0x0000000740000000, 0x0000000744280000, 0x0000000795580000)
  object space 68096K, 31% used [0x0000000740000000,0x00000007414d20c0,0x0000000744280000)
 Metaspace       used 23598K, capacity 23805K, committed 23936K, reserved 1071104K
  class space    used 2328K, capacity 2417K, committed 2432K, reserved 1048576K
}
Event: 4656.054 GC heap before
{Heap before GC invocations=617 (full 1):
 PSYoungGen      total 29696K, used 29280K [0x0000000795580000, 0x0000000797380000, 0x00000007c0000000)
  eden space 29184K, 100% used [0x0000000795580000,0x0000000797200000,0x0000000797200000)
  from space 512K, 18% used [0x0000000797280000,0x0000000797298000,0x0000000797300000)
  to   space 512K, 0% used [0x0000000797300000,0x0000000797300000,0x0000000797380000)
 ParOldGen       total 68096K, used 21320K [0x0000000740000000, 0x0000000744280000, 0x0000000795580000)
  object space 68096K, 31% used [0x0000000740000000,0x00000007414d20c0,0x0000000744280000)
 Metaspace       used 23598K, capacity 23805K, committed 23936K, reserved 1071104K
  class space    used 2328K, capacity 2417K, committed 2432K, reserved 1048576K
Event: 4656.055 GC heap after
Heap after GC invocations=617 (full 1):
 PSYoungGen      total 29696K, used 64K [0x0000000795580000, 0x0000000797380000, 0x00000007c0000000)
  eden space 29184K, 0% used [0x0000000795580000,0x0000000795580000,0x0000000797200000)
  from space 512K, 12% used [0x0000000797300000,0x0000000797310000,0x0000000797380000)
  to   space 512K, 0% used [0x0000000797280000,0x0000000797280000,0x0000000797300000)
 ParOldGen       total 68096K, used 21320K [0x0000000740000000, 0x0000000744280000, 0x0000000795580000)
  object space 68096K, 31% used [0x0000000740000000,0x00000007414d20c0,0x0000000744280000)
 Metaspace       used 23598K, capacity 23805K, committed 23936K, reserved 1071104K
  class space    used 2328K, capacity 2417K, committed 2432K, reserved 1048576K
}

