# JRE version: Java(TM) SE Runtime Environment (8.0_101-b13) (build 1.8.0_101-b13)
# Java VM: Java HotSpot(TM) 64-Bit Server VM (25.101-b13 mixed mode bsd-amd64 compressed oops)
Heap:
 PSYoungGen      total 254464K, used 146546K [0x0000000795580000, 0x00000007b0280000, 0x00000007c0000000)
  eden space 253952K, 57% used [0x0000000795580000,0x000000079e47ca90,0x00000007a4d80000)
  from space 512K, 25% used [0x00000007b0200000,0x00000007b0220000,0x00000007b0280000)
  to   space 13312K, 0% used [0x00000007ae880000,0x00000007ae880000,0x00000007af580000)
 ParOldGen       total 87552K, used 16380K [0x0000000740000000, 0x0000000745580000, 0x0000000795580000)
  object space 87552K, 18% used [0x0000000740000000,0x0000000740fff020,0x0000000745580000)
 Metaspace       used 19269K, capacity 19443K, committed 19712K, reserved 1067008K
  class space    used 1923K, capacity 2016K, committed 2048K, reserved 1048576K
GC Heap History (10 events):
Event: 4.201 GC heap before
{Heap before GC invocations=6 (full 0):
 PSYoungGen      total 71680K, used 71667K [0x0000000795580000, 0x000000079ef80000, 0x00000007c0000000)
  eden space 66560K, 100% used [0x0000000795580000,0x0000000799680000,0x0000000799680000)
  from space 5120K, 99% used [0x0000000799680000,0x0000000799b7cca0,0x0000000799b80000)
  to   space 12288K, 0% used [0x000000079e380000,0x000000079e380000,0x000000079ef80000)
 ParOldGen       total 87552K, used 11236K [0x0000000740000000, 0x0000000745580000, 0x0000000795580000)
  object space 87552K, 12% used [0x0000000740000000,0x0000000740af93b8,0x0000000745580000)
 Metaspace       used 19000K, capacity 19213K, committed 19456K, reserved 1067008K
  class space    used 1913K, capacity 1983K, committed 2048K, reserved 1048576K
Event: 4.206 GC heap after
Heap after GC invocations=6 (full 0):
 PSYoungGen      total 145408K, used 5123K [0x0000000795580000, 0x000000079ef80000, 0x00000007c0000000)
  eden space 133120K, 0% used [0x0000000795580000,0x0000000795580000,0x000000079d780000)
  from space 12288K, 41% used [0x000000079e380000,0x000000079e880cb0,0x000000079ef80000)
  to   space 12288K, 0% used [0x000000079d780000,0x000000079d780000,0x000000079e380000)
 ParOldGen       total 87552K, used 11244K [0x0000000740000000, 0x0000000745580000, 0x0000000795580000)
  object space 87552K, 12% used [0x0000000740000000,0x0000000740afb3b8,0x0000000745580000)
 Metaspace       used 19000K, capacity 19213K, committed 19456K, reserved 1067008K
  class space    used 1913K, capacity 1983K, committed 2048K, reserved 1048576K
}
Event: 4.568 GC heap before
{Heap before GC invocations=7 (full 0):
 PSYoungGen      total 145408K, used 138243K [0x0000000795580000, 0x000000079ef80000, 0x00000007c0000000)
  eden space 133120K, 100% used [0x0000000795580000,0x000000079d780000,0x000000079d780000)
  from space 12288K, 41% used [0x000000079e380000,0x000000079e880cb0,0x000000079ef80000)
  to   space 12288K, 0% used [0x000000079d780000,0x000000079d780000,0x000000079e380000)
 ParOldGen       total 87552K, used 11244K [0x0000000740000000, 0x0000000745580000, 0x0000000795580000)
  object space 87552K, 12% used [0x0000000740000000,0x0000000740afb3b8,0x0000000745580000)
 Metaspace       used 19035K, capacity 19213K, committed 19456K, reserved 1067008K
  class space    used 1914K, capacity 1983K, committed 2048K, reserved 1048576K
Event: 4.573 GC heap after
Heap after GC invocations=7 (full 0):
 PSYoungGen      total 145408K, used 1728K [0x0000000795580000, 0x00000007a7280000, 0x00000007c0000000)
  eden space 133120K, 0% used [0x0000000795580000,0x0000000795580000,0x000000079d780000)
  from space 12288K, 14% used [0x000000079d780000,0x000000079d930070,0x000000079e380000)
  to   space 12800K, 0% used [0x00000007a6600000,0x00000007a6600000,0x00000007a7280000)
 ParOldGen       total 87552K, used 14715K [0x0000000740000000, 0x0000000745580000, 0x0000000795580000)
  object space 87552K, 16% used [0x0000000740000000,0x0000000740e5efb0,0x0000000745580000)
 Metaspace       used 19035K, capacity 19213K, committed 19456K, reserved 1067008K
  class space    used 1914K, capacity 1983K, committed 2048K, reserved 1048576K
}
Event: 4.836 GC heap before
{Heap before GC invocations=8 (full 0):
 PSYoungGen      total 145408K, used 134848K [0x0000000795580000, 0x00000007a7280000, 0x00000007c0000000)
  eden space 133120K, 100% used [0x0000000795580000,0x000000079d780000,0x000000079d780000)
  from space 12288K, 14% used [0x000000079d780000,0x000000079d930070,0x000000079e380000)
  to   space 12800K, 0% used [0x00000007a6600000,0x00000007a6600000,0x00000007a7280000)
 ParOldGen       total 87552K, used 14715K [0x0000000740000000, 0x0000000745580000, 0x0000000795580000)
  object space 87552K, 16% used [0x0000000740000000,0x0000000740e5efb0,0x0000000745580000)
 Metaspace       used 19100K, capacity 19277K, committed 19456K, reserved 1067008K
  class space    used 1914K, capacity 1983K, committed 2048K, reserved 1048576K
Event: 4.838 GC heap after
Heap after GC invocations=8 (full 0):
 PSYoungGen      total 278528K, used 192K [0x0000000795580000, 0x00000007a7380000, 0x00000007c0000000)
  eden space 265728K, 0% used [0x0000000795580000,0x0000000795580000,0x00000007a5900000)
  from space 12800K, 1% used [0x00000007a6600000,0x00000007a6630000,0x00000007a7280000)
  to   space 13312K, 0% used [0x00000007a5900000,0x00000007a5900000,0x00000007a6600000)
 ParOldGen       total 87552K, used 16324K [0x0000000740000000, 0x0000000745580000, 0x0000000795580000)
  object space 87552K, 18% used [0x0000000740000000,0x0000000740ff1020,0x0000000745580000)
 Metaspace       used 19100K, capacity 19277K, committed 19456K, reserved 1067008K
  class space    used 1914K, capacity 1983K, committed 2048K, reserved 1048576K
}
Event: 5.413 GC heap before
{Heap before GC invocations=9 (full 0):
 PSYoungGen      total 278528K, used 265920K [0x0000000795580000, 0x00000007a7380000, 0x00000007c0000000)
  eden space 265728K, 100% used [0x0000000795580000,0x00000007a5900000,0x00000007a5900000)
  from space 12800K, 1% used [0x00000007a6600000,0x00000007a6630000,0x00000007a7280000)
  to   space 13312K, 0% used [0x00000007a5900000,0x00000007a5900000,0x00000007a6600000)
 ParOldGen       total 87552K, used 16324K [0x0000000740000000, 0x0000000745580000, 0x0000000795580000)
  object space 87552K, 18% used [0x0000000740000000,0x0000000740ff1020,0x0000000745580000)
 Metaspace       used 19160K, capacity 19347K, committed 19456K, reserved 1067008K
  class space    used 1915K, capacity 1984K, committed 2048K, reserved 1048576K
Event: 5.414 GC heap after
Heap after GC invocations=9 (full 0):
 PSYoungGen      total 279040K, used 128K [0x0000000795580000, 0x00000007b0f00000, 0x00000007c0000000)
  eden space 265728K, 0% used [0x0000000795580000,0x0000000795580000,0x00000007a5900000)
  from space 13312K, 0% used [0x00000007a5900000,0x00000007a5920000,0x00000007a6600000)
  to   space 13312K, 0% used [0x00000007b0200000,0x00000007b0200000,0x00000007b0f00000)
 ParOldGen       total 87552K, used 16348K [0x0000000740000000, 0x0000000745580000, 0x0000000795580000)
  object space 87552K, 18% used [0x0000000740000000,0x0000000740ff7020,0x0000000745580000)
 Metaspace       used 19160K, capacity 19347K, committed 19456K, reserved 1067008K
  class space    used 1915K, capacity 1984K, committed 2048K, reserved 1048576K
}
Event: 5.827 GC heap before
{Heap before GC invocations=10 (full 0):
 PSYoungGen      total 279040K, used 265856K [0x0000000795580000, 0x00000007b0f00000, 0x00000007c0000000)
  eden space 265728K, 100% used [0x0000000795580000,0x00000007a5900000,0x00000007a5900000)
  from space 13312K, 0% used [0x00000007a5900000,0x00000007a5920000,0x00000007a6600000)
  to   space 13312K, 0% used [0x00000007b0200000,0x00000007b0200000,0x00000007b0f00000)
 ParOldGen       total 87552K, used 16348K [0x0000000740000000, 0x0000000745580000, 0x0000000795580000)
  object space 87552K, 18% used [0x0000000740000000,0x0000000740ff7020,0x0000000745580000)
 Metaspace       used 19210K, capacity 19411K, committed 19712K, reserved 1067008K
  class space    used 1915K, capacity 1984K, committed 2048K, reserved 1048576K
Event: 5.828 GC heap after
Heap after GC invocations=10 (full 0):
 PSYoungGen      total 254464K, used 128K [0x0000000795580000, 0x00000007b0280000, 0x00000007c0000000)
  eden space 253952K, 0% used [0x0000000795580000,0x0000000795580000,0x00000007a4d80000)
  from space 512K, 25% used [0x00000007b0200000,0x00000007b0220000,0x00000007b0280000)
  to   space 13312K, 0% used [0x00000007ae880000,0x00000007ae880000,0x00000007af580000)
 ParOldGen       total 87552K, used 16380K [0x0000000740000000, 0x0000000745580000, 0x0000000795580000)
  object space 87552K, 18% used [0x0000000740000000,0x0000000740fff020,0x0000000745580000)
 Metaspace       used 19210K, capacity 19411K, committed 19712K, reserved 1067008K
  class space    used 1915K, capacity 1984K, committed 2048K, reserved 1048576K
}

