# JRE version: Java(TM) SE Runtime Environment (8.0_101-b13) (build 1.8.0_101-b13)
# Java VM: Java HotSpot(TM) 64-Bit Server VM (25.101-b13 mixed mode bsd-amd64 compressed oops)
Heap:
 PSYoungGen      total 35328K, used 23227K [0x0000000795580000, 0x0000000799480000, 0x00000007c0000000)
  eden space 28672K, 59% used [0x0000000795580000,0x000000079660ed30,0x0000000797180000)
  from space 6656K, 94% used [0x0000000797200000,0x0000000797820180,0x0000000797880000)
  to   space 17920K, 0% used [0x0000000798300000,0x0000000798300000,0x0000000799480000)
 ParOldGen       total 87552K, used 23128K [0x0000000740000000, 0x0000000745580000, 0x0000000795580000)
  object space 87552K, 26% used [0x0000000740000000,0x00000007416960a8,0x0000000745580000)
 Metaspace       used 19293K, capacity 19531K, committed 19712K, reserved 1067008K
  class space    used 1883K, capacity 1982K, committed 2048K, reserved 1048576K
GC Heap History (10 events):
Event: 36.521 GC heap before
{Heap before GC invocations=5 (full 0):
 PSYoungGen      total 38400K, used 38386K [0x0000000795580000, 0x0000000798000000, 0x00000007c0000000)
  eden space 33280K, 100% used [0x0000000795580000,0x0000000797600000,0x0000000797600000)
  from space 5120K, 99% used [0x0000000797b00000,0x0000000797ffcac0,0x0000000798000000)
  to   space 5120K, 0% used [0x0000000797600000,0x0000000797600000,0x0000000797b00000)
 ParOldGen       total 87552K, used 9674K [0x0000000740000000, 0x0000000745580000, 0x0000000795580000)
  object space 87552K, 11% used [0x0000000740000000,0x00000007409729f0,0x0000000745580000)
 Metaspace       used 19153K, capacity 19371K, committed 19712K, reserved 1067008K
  class space    used 1875K, capacity 1950K, committed 2048K, reserved 1048576K
Event: 36.526 GC heap after
Heap after GC invocations=5 (full 0):
 PSYoungGen      total 37888K, used 5106K [0x0000000795580000, 0x0000000798f80000, 0x00000007c0000000)
  eden space 32768K, 0% used [0x0000000795580000,0x0000000795580000,0x0000000797580000)
  from space 5120K, 99% used [0x0000000797600000,0x0000000797afcac0,0x0000000797b00000)
  to   space 13312K, 0% used [0x0000000798280000,0x0000000798280000,0x0000000798f80000)
 ParOldGen       total 87552K, used 12146K [0x0000000740000000, 0x0000000745580000, 0x0000000795580000)
  object space 87552K, 13% used [0x0000000740000000,0x0000000740bdcb40,0x0000000745580000)
 Metaspace       used 19153K, capacity 19371K, committed 19712K, reserved 1067008K
  class space    used 1875K, capacity 1950K, committed 2048K, reserved 1048576K
}
Event: 37.707 GC heap before
{Heap before GC invocations=6 (full 0):
 PSYoungGen      total 37888K, used 37874K [0x0000000795580000, 0x0000000798f80000, 0x00000007c0000000)
  eden space 32768K, 100% used [0x0000000795580000,0x0000000797580000,0x0000000797580000)
  from space 5120K, 99% used [0x0000000797600000,0x0000000797afcac0,0x0000000797b00000)
  to   space 13312K, 0% used [0x0000000798280000,0x0000000798280000,0x0000000798f80000)
 ParOldGen       total 87552K, used 12146K [0x0000000740000000, 0x0000000745580000, 0x0000000795580000)
  object space 87552K, 13% used [0x0000000740000000,0x0000000740bdcb40,0x0000000745580000)
 Metaspace       used 19172K, capacity 19371K, committed 19712K, reserved 1067008K
  class space    used 1875K, capacity 1950K, committed 2048K, reserved 1048576K
Event: 37.712 GC heap after
Heap after GC invocations=6 (full 0):
 PSYoungGen      total 44032K, used 12179K [0x0000000795580000, 0x0000000799300000, 0x00000007c0000000)
  eden space 30720K, 0% used [0x0000000795580000,0x0000000795580000,0x0000000797380000)
  from space 13312K, 91% used [0x0000000798280000,0x0000000798e64c70,0x0000000798f80000)
  to   space 15360K, 0% used [0x0000000797380000,0x0000000797380000,0x0000000798280000)
 ParOldGen       total 87552K, used 12154K [0x0000000740000000, 0x0000000745580000, 0x0000000795580000)
  object space 87552K, 13% used [0x0000000740000000,0x0000000740bdeb40,0x0000000745580000)
 Metaspace       used 19172K, capacity 19371K, committed 19712K, reserved 1067008K
  class space    used 1875K, capacity 1950K, committed 2048K, reserved 1048576K
}
Event: 39.322 GC heap before
{Heap before GC invocations=7 (full 0):
 PSYoungGen      total 44032K, used 42899K [0x0000000795580000, 0x0000000799300000, 0x00000007c0000000)
  eden space 30720K, 100% used [0x0000000795580000,0x0000000797380000,0x0000000797380000)
  from space 13312K, 91% used [0x0000000798280000,0x0000000798e64c70,0x0000000798f80000)
  to   space 15360K, 0% used [0x0000000797380000,0x0000000797380000,0x0000000798280000)
 ParOldGen       total 87552K, used 12154K [0x0000000740000000, 0x0000000745580000, 0x0000000795580000)
  object space 87552K, 13% used [0x0000000740000000,0x0000000740bdeb40,0x0000000745580000)
 Metaspace       used 19218K, capacity 19435K, committed 19712K, reserved 1067008K
  class space    used 1875K, capacity 1950K, committed 2048K, reserved 1048576K
Event: 39.327 GC heap after
Heap after GC invocations=7 (full 0):
 PSYoungGen      total 45568K, used 13840K [0x0000000795580000, 0x0000000799400000, 0x00000007c0000000)
  eden space 30208K, 0% used [0x0000000795580000,0x0000000795580000,0x0000000797300000)
  from space 15360K, 90% used [0x0000000797380000,0x0000000798104360,0x0000000798280000)
  to   space 16896K, 0% used [0x0000000798380000,0x0000000798380000,0x0000000799400000)
 ParOldGen       total 87552K, used 15567K [0x0000000740000000, 0x0000000745580000, 0x0000000795580000)
  object space 87552K, 17% used [0x0000000740000000,0x0000000740f33ed8,0x0000000745580000)
 Metaspace       used 19218K, capacity 19435K, committed 19712K, reserved 1067008K
  class space    used 1875K, capacity 1950K, committed 2048K, reserved 1048576K
}
Event: 47.009 GC heap before
{Heap before GC invocations=8 (full 0):
 PSYoungGen      total 45568K, used 44048K [0x0000000795580000, 0x0000000799400000, 0x00000007c0000000)
  eden space 30208K, 100% used [0x0000000795580000,0x0000000797300000,0x0000000797300000)
  from space 15360K, 90% used [0x0000000797380000,0x0000000798104360,0x0000000798280000)
  to   space 16896K, 0% used [0x0000000798380000,0x0000000798380000,0x0000000799400000)
 ParOldGen       total 87552K, used 15567K [0x0000000740000000, 0x0000000745580000, 0x0000000795580000)
  object space 87552K, 17% used [0x0000000740000000,0x0000000740f33ed8,0x0000000745580000)
 Metaspace       used 19218K, capacity 19435K, committed 19712K, reserved 1067008K
  class space    used 1875K, capacity 1950K, committed 2048K, reserved 1048576K
Event: 47.012 GC heap after
Heap after GC invocations=8 (full 0):
 PSYoungGen      total 46080K, used 13440K [0x0000000795580000, 0x0000000799580000, 0x00000007c0000000)
  eden space 29184K, 0% used [0x0000000795580000,0x0000000795580000,0x0000000797200000)
  from space 16896K, 79% used [0x0000000798380000,0x00000007990a0340,0x0000000799400000)
  to   space 17920K, 0% used [0x0000000797200000,0x0000000797200000,0x0000000798380000)
 ParOldGen       total 87552K, used 15903K [0x0000000740000000, 0x0000000745580000, 0x0000000795580000)
  object space 87552K, 18% used [0x0000000740000000,0x0000000740f87ee8,0x0000000745580000)
 Metaspace       used 19218K, capacity 19435K, committed 19712K, reserved 1067008K
  class space    used 1875K, capacity 1950K, committed 2048K, reserved 1048576K
}
Event: 54.695 GC heap before
{Heap before GC invocations=9 (full 0):
 PSYoungGen      total 46080K, used 42624K [0x0000000795580000, 0x0000000799580000, 0x00000007c0000000)
  eden space 29184K, 100% used [0x0000000795580000,0x0000000797200000,0x0000000797200000)
  from space 16896K, 79% used [0x0000000798380000,0x00000007990a0340,0x0000000799400000)
  to   space 17920K, 0% used [0x0000000797200000,0x0000000797200000,0x0000000798380000)
 ParOldGen       total 87552K, used 15903K [0x0000000740000000, 0x0000000745580000, 0x0000000795580000)
  object space 87552K, 18% used [0x0000000740000000,0x0000000740f87ee8,0x0000000745580000)
 Metaspace       used 19218K, capacity 19435K, committed 19712K, reserved 1067008K
  class space    used 1875K, capacity 1950K, committed 2048K, reserved 1048576K
Event: 54.698 GC heap after
Heap after GC invocations=9 (full 0):
 PSYoungGen      total 35328K, used 6272K [0x0000000795580000, 0x0000000799480000, 0x00000007c0000000)
  eden space 28672K, 0% used [0x0000000795580000,0x0000000795580000,0x0000000797180000)
  from space 6656K, 94% used [0x0000000797200000,0x0000000797820180,0x0000000797880000)
  to   space 17920K, 0% used [0x0000000798300000,0x0000000798300000,0x0000000799480000)
 ParOldGen       total 87552K, used 23128K [0x0000000740000000, 0x0000000745580000, 0x0000000795580000)
  object space 87552K, 26% used [0x0000000740000000,0x00000007416960a8,0x0000000745580000)
 Metaspace       used 19218K, capacity 19435K, committed 19712K, reserved 1067008K
  class space    used 1875K, capacity 1950K, committed 2048K, reserved 1048576K
}

