# JRE version: Java(TM) SE Runtime Environment (8.0_101-b13) (build 1.8.0_101-b13)
# Java VM: Java HotSpot(TM) 64-Bit Server VM (25.101-b13 mixed mode bsd-amd64 compressed oops)
Heap:
 PSYoungGen      total 29696K, used 13368K [0x0000000795580000, 0x0000000797380000, 0x00000007c0000000)
  eden space 29184K, 45% used [0x0000000795580000,0x0000000796276140,0x0000000797200000)
  from space 512K, 18% used [0x0000000797300000,0x0000000797318000,0x0000000797380000)
  to   space 512K, 0% used [0x0000000797280000,0x0000000797280000,0x0000000797300000)
 ParOldGen       total 68096K, used 22825K [0x0000000740000000, 0x0000000744280000, 0x0000000795580000)
  object space 68096K, 33% used [0x0000000740000000,0x000000074164a478,0x0000000744280000)
 Metaspace       used 24201K, capacity 24459K, committed 24832K, reserved 1071104K
  class space    used 2374K, capacity 2482K, committed 2560K, reserved 1048576K
GC Heap History (10 events):
Event: 1566.221 GC heap before
{Heap before GC invocations=425 (full 1):
 PSYoungGen      total 29696K, used 29312K [0x0000000795580000, 0x0000000797380000, 0x00000007c0000000)
  eden space 29184K, 100% used [0x0000000795580000,0x0000000797200000,0x0000000797200000)
  from space 512K, 25% used [0x0000000797280000,0x00000007972a0000,0x0000000797300000)
  to   space 512K, 0% used [0x0000000797300000,0x0000000797300000,0x0000000797380000)
 ParOldGen       total 68096K, used 22825K [0x0000000740000000, 0x0000000744280000, 0x0000000795580000)
  object space 68096K, 33% used [0x0000000740000000,0x000000074164a478,0x0000000744280000)
 Metaspace       used 24091K, capacity 24363K, committed 24832K, reserved 1071104K
  class space    used 2366K, capacity 2450K, committed 2560K, reserved 1048576K
Event: 1566.222 GC heap after
Heap after GC invocations=425 (full 1):
 PSYoungGen      total 29696K, used 96K [0x0000000795580000, 0x0000000797380000, 0x00000007c0000000)
  eden space 29184K, 0% used [0x0000000795580000,0x0000000795580000,0x0000000797200000)
  from space 512K, 18% used [0x0000000797300000,0x0000000797318000,0x0000000797380000)
  to   space 512K, 0% used [0x0000000797280000,0x0000000797280000,0x0000000797300000)
 ParOldGen       total 68096K, used 22825K [0x0000000740000000, 0x0000000744280000, 0x0000000795580000)
  object space 68096K, 33% used [0x0000000740000000,0x000000074164a478,0x0000000744280000)
 Metaspace       used 24091K, capacity 24363K, committed 24832K, reserved 1071104K
  class space    used 2366K, capacity 2450K, committed 2560K, reserved 1048576K
}
Event: 1569.691 GC heap before
{Heap before GC invocations=426 (full 1):
 PSYoungGen      total 29696K, used 29280K [0x0000000795580000, 0x0000000797380000, 0x00000007c0000000)
  eden space 29184K, 100% used [0x0000000795580000,0x0000000797200000,0x0000000797200000)
  from space 512K, 18% used [0x0000000797300000,0x0000000797318000,0x0000000797380000)
  to   space 512K, 0% used [0x0000000797280000,0x0000000797280000,0x0000000797300000)
 ParOldGen       total 68096K, used 22825K [0x0000000740000000, 0x0000000744280000, 0x0000000795580000)
  object space 68096K, 33% used [0x0000000740000000,0x000000074164a478,0x0000000744280000)
 Metaspace       used 24091K, capacity 24363K, committed 24832K, reserved 1071104K
  class space    used 2366K, capacity 2450K, committed 2560K, reserved 1048576K
Event: 1569.692 GC heap after
Heap after GC invocations=426 (full 1):
 PSYoungGen      total 29696K, used 160K [0x0000000795580000, 0x0000000797380000, 0x00000007c0000000)
  eden space 29184K, 0% used [0x0000000795580000,0x0000000795580000,0x0000000797200000)
  from space 512K, 31% used [0x0000000797280000,0x00000007972a8000,0x0000000797300000)
  to   space 512K, 0% used [0x0000000797300000,0x0000000797300000,0x0000000797380000)
 ParOldGen       total 68096K, used 22825K [0x0000000740000000, 0x0000000744280000, 0x0000000795580000)
  object space 68096K, 33% used [0x0000000740000000,0x000000074164a478,0x0000000744280000)
 Metaspace       used 24091K, capacity 24363K, committed 24832K, reserved 1071104K
  class space    used 2366K, capacity 2450K, committed 2560K, reserved 1048576K
}
Event: 1573.192 GC heap before
{Heap before GC invocations=427 (full 1):
 PSYoungGen      total 29696K, used 29344K [0x0000000795580000, 0x0000000797380000, 0x00000007c0000000)
  eden space 29184K, 100% used [0x0000000795580000,0x0000000797200000,0x0000000797200000)
  from space 512K, 31% used [0x0000000797280000,0x00000007972a8000,0x0000000797300000)
  to   space 512K, 0% used [0x0000000797300000,0x0000000797300000,0x0000000797380000)
 ParOldGen       total 68096K, used 22825K [0x0000000740000000, 0x0000000744280000, 0x0000000795580000)
  object space 68096K, 33% used [0x0000000740000000,0x000000074164a478,0x0000000744280000)
 Metaspace       used 24091K, capacity 24363K, committed 24832K, reserved 1071104K
  class space    used 2366K, capacity 2450K, committed 2560K, reserved 1048576K
Event: 1573.193 GC heap after
Heap after GC invocations=427 (full 1):
 PSYoungGen      total 29696K, used 64K [0x0000000795580000, 0x0000000797380000, 0x00000007c0000000)
  eden space 29184K, 0% used [0x0000000795580000,0x0000000795580000,0x0000000797200000)
  from space 512K, 12% used [0x0000000797300000,0x0000000797310000,0x0000000797380000)
  to   space 512K, 0% used [0x0000000797280000,0x0000000797280000,0x0000000797300000)
 ParOldGen       total 68096K, used 22825K [0x0000000740000000, 0x0000000744280000, 0x0000000795580000)
  object space 68096K, 33% used [0x0000000740000000,0x000000074164a478,0x0000000744280000)
 Metaspace       used 24091K, capacity 24363K, committed 24832K, reserved 1071104K
  class space    used 2366K, capacity 2450K, committed 2560K, reserved 1048576K
}
Event: 1576.675 GC heap before
{Heap before GC invocations=428 (full 1):
 PSYoungGen      total 29696K, used 29248K [0x0000000795580000, 0x0000000797380000, 0x00000007c0000000)
  eden space 29184K, 100% used [0x0000000795580000,0x0000000797200000,0x0000000797200000)
  from space 512K, 12% used [0x0000000797300000,0x0000000797310000,0x0000000797380000)
  to   space 512K, 0% used [0x0000000797280000,0x0000000797280000,0x0000000797300000)
 ParOldGen       total 68096K, used 22825K [0x0000000740000000, 0x0000000744280000, 0x0000000795580000)
  object space 68096K, 33% used [0x0000000740000000,0x000000074164a478,0x0000000744280000)
 Metaspace       used 24091K, capacity 24363K, committed 24832K, reserved 1071104K
  class space    used 2366K, capacity 2450K, committed 2560K, reserved 1048576K
Event: 1576.676 GC heap after
Heap after GC invocations=428 (full 1):
 PSYoungGen      total 29696K, used 64K [0x0000000795580000, 0x0000000797380000, 0x00000007c0000000)
  eden space 29184K, 0% used [0x0000000795580000,0x0000000795580000,0x0000000797200000)
  from space 512K, 12% used [0x0000000797280000,0x0000000797290000,0x0000000797300000)
  to   space 512K, 0% used [0x0000000797300000,0x0000000797300000,0x0000000797380000)
 ParOldGen       total 68096K, used 22825K [0x0000000740000000, 0x0000000744280000, 0x0000000795580000)
  object space 68096K, 33% used [0x0000000740000000,0x000000074164a478,0x0000000744280000)
 Metaspace       used 24091K, capacity 24363K, committed 24832K, reserved 1071104K
  class space    used 2366K, capacity 2450K, committed 2560K, reserved 1048576K
}
Event: 1580.295 GC heap before
{Heap before GC invocations=429 (full 1):
 PSYoungGen      total 29696K, used 29248K [0x0000000795580000, 0x0000000797380000, 0x00000007c0000000)
  eden space 29184K, 100% used [0x0000000795580000,0x0000000797200000,0x0000000797200000)
  from space 512K, 12% used [0x0000000797280000,0x0000000797290000,0x0000000797300000)
  to   space 512K, 0% used [0x0000000797300000,0x0000000797300000,0x0000000797380000)
 ParOldGen       total 68096K, used 22825K [0x0000000740000000, 0x0000000744280000, 0x0000000795580000)
  object space 68096K, 33% used [0x0000000740000000,0x000000074164a478,0x0000000744280000)
 Metaspace       used 24091K, capacity 24363K, committed 24832K, reserved 1071104K
  class space    used 2366K, capacity 2450K, committed 2560K, reserved 1048576K
Event: 1580.297 GC heap after
Heap after GC invocations=429 (full 1):
 PSYoungGen      total 29696K, used 96K [0x0000000795580000, 0x0000000797380000, 0x00000007c0000000)
  eden space 29184K, 0% used [0x0000000795580000,0x0000000795580000,0x0000000797200000)
  from space 512K, 18% used [0x0000000797300000,0x0000000797318000,0x0000000797380000)
  to   space 512K, 0% used [0x0000000797280000,0x0000000797280000,0x0000000797300000)
 ParOldGen       total 68096K, used 22825K [0x0000000740000000, 0x0000000744280000, 0x0000000795580000)
  object space 68096K, 33% used [0x0000000740000000,0x000000074164a478,0x0000000744280000)
 Metaspace       used 24091K, capacity 24363K, committed 24832K, reserved 1071104K
  class space    used 2366K, capacity 2450K, committed 2560K, reserved 1048576K
}

