# JRE version: Java(TM) SE Runtime Environment (8.0_101-b13) (build 1.8.0_101-b13)
# Java VM: Java HotSpot(TM) 64-Bit Server VM (25.101-b13 mixed mode bsd-amd64 compressed oops)
Heap:
 PSYoungGen      total 141824K, used 29307K [0x0000000795580000, 0x00000007a3d80000, 0x00000007c0000000)
  eden space 47104K, 25% used [0x0000000795580000,0x0000000796166910,0x0000000798380000)
  from space 94720K, 18% used [0x000000079e100000,0x000000079f1b8420,0x00000007a3d80000)
  to   space 95232K, 0% used [0x0000000798380000,0x0000000798380000,0x000000079e080000)
 ParOldGen       total 235520K, used 186857K [0x0000000740000000, 0x000000074e600000, 0x0000000795580000)
  object space 235520K, 79% used [0x0000000740000000,0x000000074b67a590,0x000000074e600000)
 Metaspace       used 24312K, capacity 24615K, committed 25088K, reserved 1071104K
  class space    used 2343K, capacity 2450K, committed 2560K, reserved 1048576K
GC Heap History (10 events):
Event: 102.715 GC heap before
{Heap before GC invocations=41 (full 3):
 PSYoungGen      total 96256K, used 80400K [0x0000000795580000, 0x00000007a4880000, 0x00000007c0000000)
  eden space 50176K, 100% used [0x0000000795580000,0x0000000798680000,0x0000000798680000)
  from space 46080K, 65% used [0x0000000798780000,0x000000079a504208,0x000000079b480000)
  to   space 99328K, 0% used [0x000000079e780000,0x000000079e780000,0x00000007a4880000)
 ParOldGen       total 235520K, used 148819K [0x0000000740000000, 0x000000074e600000, 0x0000000795580000)
  object space 235520K, 63% used [0x0000000740000000,0x0000000749154f58,0x000000074e600000)
 Metaspace       used 24280K, capacity 24551K, committed 24832K, reserved 1071104K
  class space    used 2336K, capacity 2450K, committed 2560K, reserved 1048576K
Event: 102.724 GC heap after
Heap after GC invocations=41 (full 3):
 PSYoungGen      total 145408K, used 34786K [0x0000000795580000, 0x00000007a4580000, 0x00000007c0000000)
  eden space 49152K, 0% used [0x0000000795580000,0x0000000795580000,0x0000000798580000)
  from space 96256K, 36% used [0x000000079e780000,0x00000007a0978870,0x00000007a4580000)
  to   space 98304K, 0% used [0x0000000798580000,0x0000000798580000,0x000000079e580000)
 ParOldGen       total 235520K, used 153196K [0x0000000740000000, 0x000000074e600000, 0x0000000795580000)
  object space 235520K, 65% used [0x0000000740000000,0x000000074959b068,0x000000074e600000)
 Metaspace       used 24280K, capacity 24551K, committed 24832K, reserved 1071104K
  class space    used 2336K, capacity 2450K, committed 2560K, reserved 1048576K
}
Event: 104.848 GC heap before
{Heap before GC invocations=42 (full 3):
 PSYoungGen      total 145408K, used 83938K [0x0000000795580000, 0x00000007a4580000, 0x00000007c0000000)
  eden space 49152K, 100% used [0x0000000795580000,0x0000000798580000,0x0000000798580000)
  from space 96256K, 36% used [0x000000079e780000,0x00000007a0978870,0x00000007a4580000)
  to   space 98304K, 0% used [0x0000000798580000,0x0000000798580000,0x000000079e580000)
 ParOldGen       total 235520K, used 153196K [0x0000000740000000, 0x000000074e600000, 0x0000000795580000)
  object space 235520K, 65% used [0x0000000740000000,0x000000074959b068,0x000000074e600000)
 Metaspace       used 24280K, capacity 24551K, committed 24832K, reserved 1071104K
  class space    used 2336K, capacity 2450K, committed 2560K, reserved 1048576K
Event: 104.857 GC heap after
Heap after GC invocations=42 (full 3):
 PSYoungGen      total 82432K, used 33378K [0x0000000795580000, 0x00000007a4300000, 0x00000007c0000000)
  eden space 48640K, 0% used [0x0000000795580000,0x0000000795580000,0x0000000798500000)
  from space 33792K, 98% used [0x0000000798580000,0x000000079a618830,0x000000079a680000)
  to   space 97280K, 0% used [0x000000079e400000,0x000000079e400000,0x00000007a4300000)
 ParOldGen       total 235520K, used 161164K [0x0000000740000000, 0x000000074e600000, 0x0000000795580000)
  object space 235520K, 68% used [0x0000000740000000,0x0000000749d63258,0x000000074e600000)
 Metaspace       used 24280K, capacity 24551K, committed 24832K, reserved 1071104K
  class space    used 2336K, capacity 2450K, committed 2560K, reserved 1048576K
}
Event: 106.577 GC heap before
{Heap before GC invocations=43 (full 3):
 PSYoungGen      total 82432K, used 82018K [0x0000000795580000, 0x00000007a4300000, 0x00000007c0000000)
  eden space 48640K, 100% used [0x0000000795580000,0x0000000798500000,0x0000000798500000)
  from space 33792K, 98% used [0x0000000798580000,0x000000079a618830,0x000000079a680000)
  to   space 97280K, 0% used [0x000000079e400000,0x000000079e400000,0x00000007a4300000)
 ParOldGen       total 235520K, used 161165K [0x0000000740000000, 0x000000074e600000, 0x0000000795580000)
  object space 235520K, 68% used [0x0000000740000000,0x0000000749d63668,0x000000074e600000)
 Metaspace       used 24280K, capacity 24551K, committed 24832K, reserved 1071104K
  class space    used 2336K, capacity 2450K, committed 2560K, reserved 1048576K
Event: 106.584 GC heap after
Heap after GC invocations=43 (full 3):
 PSYoungGen      total 142848K, used 31041K [0x0000000795580000, 0x00000007a4080000, 0x00000007c0000000)
  eden space 48128K, 0% used [0x0000000795580000,0x0000000795580000,0x0000000798480000)
  from space 94720K, 32% used [0x000000079e400000,0x00000007a02507a0,0x00000007a4080000)
  to   space 96256K, 0% used [0x0000000798480000,0x0000000798480000,0x000000079e280000)
 ParOldGen       total 235520K, used 169902K [0x0000000740000000, 0x000000074e600000, 0x0000000795580000)
  object space 235520K, 72% used [0x0000000740000000,0x000000074a5eb888,0x000000074e600000)
 Metaspace       used 24280K, capacity 24551K, committed 24832K, reserved 1071104K
  class space    used 2336K, capacity 2450K, committed 2560K, reserved 1048576K
}
Event: 111.171 GC heap before
{Heap before GC invocations=44 (full 3):
 PSYoungGen      total 142848K, used 79169K [0x0000000795580000, 0x00000007a4080000, 0x00000007c0000000)
  eden space 48128K, 100% used [0x0000000795580000,0x0000000798480000,0x0000000798480000)
  from space 94720K, 32% used [0x000000079e400000,0x00000007a02507a0,0x00000007a4080000)
  to   space 96256K, 0% used [0x0000000798480000,0x0000000798480000,0x000000079e280000)
 ParOldGen       total 235520K, used 169904K [0x0000000740000000, 0x000000074e600000, 0x0000000795580000)
  object space 235520K, 72% used [0x0000000740000000,0x000000074a5ec170,0x000000074e600000)
 Metaspace       used 24280K, capacity 24551K, committed 24832K, reserved 1071104K
  class space    used 2336K, capacity 2450K, committed 2560K, reserved 1048576K
Event: 111.176 GC heap after
Heap after GC invocations=44 (full 3):
 PSYoungGen      total 77312K, used 29473K [0x0000000795580000, 0x00000007a3e00000, 0x00000007c0000000)
  eden space 47616K, 0% used [0x0000000795580000,0x0000000795580000,0x0000000798400000)
  from space 29696K, 99% used [0x0000000798480000,0x000000079a148740,0x000000079a180000)
  to   space 95232K, 0% used [0x000000079e100000,0x000000079e100000,0x00000007a3e00000)
 ParOldGen       total 235520K, used 174528K [0x0000000740000000, 0x000000074e600000, 0x0000000795580000)
  object space 235520K, 74% used [0x0000000740000000,0x000000074aa70290,0x000000074e600000)
 Metaspace       used 24280K, capacity 24551K, committed 24832K, reserved 1071104K
  class space    used 2336K, capacity 2450K, committed 2560K, reserved 1048576K
}
Event: 120.020 GC heap before
{Heap before GC invocations=45 (full 3):
 PSYoungGen      total 77312K, used 77089K [0x0000000795580000, 0x00000007a3e00000, 0x00000007c0000000)
  eden space 47616K, 100% used [0x0000000795580000,0x0000000798400000,0x0000000798400000)
  from space 29696K, 99% used [0x0000000798480000,0x000000079a148740,0x000000079a180000)
  to   space 95232K, 0% used [0x000000079e100000,0x000000079e100000,0x00000007a3e00000)
 ParOldGen       total 235520K, used 174528K [0x0000000740000000, 0x000000074e600000, 0x0000000795580000)
  object space 235520K, 74% used [0x0000000740000000,0x000000074aa70290,0x000000074e600000)
 Metaspace       used 24280K, capacity 24551K, committed 24832K, reserved 1071104K
  class space    used 2336K, capacity 2450K, committed 2560K, reserved 1048576K
Event: 120.034 GC heap after
Heap after GC invocations=45 (full 3):
 PSYoungGen      total 141824K, used 17121K [0x0000000795580000, 0x00000007a3d80000, 0x00000007c0000000)
  eden space 47104K, 0% used [0x0000000795580000,0x0000000795580000,0x0000000798380000)
  from space 94720K, 18% used [0x000000079e100000,0x000000079f1b8420,0x00000007a3d80000)
  to   space 95232K, 0% used [0x0000000798380000,0x0000000798380000,0x000000079e080000)
 ParOldGen       total 235520K, used 186857K [0x0000000740000000, 0x000000074e600000, 0x0000000795580000)
  object space 235520K, 79% used [0x0000000740000000,0x000000074b67a590,0x000000074e600000)
 Metaspace       used 24280K, capacity 24551K, committed 24832K, reserved 1071104K
  class space    used 2336K, capacity 2450K, committed 2560K, reserved 1048576K
}

