# JRE version: Java(TM) SE Runtime Environment (8.0_101-b13) (build 1.8.0_101-b13)
# Java VM: Java HotSpot(TM) 64-Bit Server VM (25.101-b13 mixed mode bsd-amd64 compressed oops)
Heap:
 PSYoungGen      total 85504K, used 55112K [0x0000000795580000, 0x000000079bc80000, 0x00000007c0000000)
  eden space 80384K, 62% used [0x0000000795580000,0x0000000798695768,0x000000079a400000)
  from space 5120K, 94% used [0x000000079b780000,0x000000079bc3cb20,0x000000079bc80000)
  to   space 10752K, 0% used [0x000000079a780000,0x000000079a780000,0x000000079b200000)
 ParOldGen       total 61952K, used 16961K [0x0000000740000000, 0x0000000743c80000, 0x0000000795580000)
  object space 61952K, 27% used [0x0000000740000000,0x00000007410906d8,0x0000000743c80000)
 Metaspace       used 24059K, capacity 24331K, committed 24832K, reserved 1071104K
  class space    used 2372K, capacity 2482K, committed 2560K, reserved 1048576K
GC Heap History (10 events):
Event: 37.778 GC heap before
{Heap before GC invocations=9 (full 1):
 PSYoungGen      total 82944K, used 74978K [0x0000000795580000, 0x000000079c700000, 0x00000007c0000000)
  eden space 70144K, 100% used [0x0000000795580000,0x0000000799a00000,0x0000000799a00000)
  from space 12800K, 37% used [0x0000000799a00000,0x0000000799eb8b10,0x000000079a680000)
  to   space 12288K, 0% used [0x000000079bb00000,0x000000079bb00000,0x000000079c700000)
 ParOldGen       total 61952K, used 16953K [0x0000000740000000, 0x0000000743c80000, 0x0000000795580000)
  object space 61952K, 27% used [0x0000000740000000,0x000000074108e6d8,0x0000000743c80000)
 Metaspace       used 24029K, capacity 24299K, committed 24832K, reserved 1071104K
  class space    used 2365K, capacity 2450K, committed 2560K, reserved 1048576K
Event: 37.782 GC heap after
Heap after GC invocations=9 (full 1):
 PSYoungGen      total 96768K, used 4834K [0x0000000795580000, 0x000000079c380000, 0x00000007c0000000)
  eden space 88064K, 0% used [0x0000000795580000,0x0000000795580000,0x000000079ab80000)
  from space 8704K, 55% used [0x000000079bb00000,0x000000079bfb8b10,0x000000079c380000)
  to   space 12288K, 0% used [0x000000079ab80000,0x000000079ab80000,0x000000079b780000)
 ParOldGen       total 61952K, used 16953K [0x0000000740000000, 0x0000000743c80000, 0x0000000795580000)
  object space 61952K, 27% used [0x0000000740000000,0x000000074108e6d8,0x0000000743c80000)
 Metaspace       used 24029K, capacity 24299K, committed 24832K, reserved 1071104K
  class space    used 2365K, capacity 2450K, committed 2560K, reserved 1048576K
}
Event: 48.249 GC heap before
{Heap before GC invocations=10 (full 1):
 PSYoungGen      total 96768K, used 92898K [0x0000000795580000, 0x000000079c380000, 0x00000007c0000000)
  eden space 88064K, 100% used [0x0000000795580000,0x000000079ab80000,0x000000079ab80000)
  from space 8704K, 55% used [0x000000079bb00000,0x000000079bfb8b10,0x000000079c380000)
  to   space 12288K, 0% used [0x000000079ab80000,0x000000079ab80000,0x000000079b780000)
 ParOldGen       total 61952K, used 16953K [0x0000000740000000, 0x0000000743c80000, 0x0000000795580000)
  object space 61952K, 27% used [0x0000000740000000,0x000000074108e6d8,0x0000000743c80000)
 Metaspace       used 24029K, capacity 24299K, committed 24832K, reserved 1071104K
  class space    used 2365K, capacity 2450K, committed 2560K, reserved 1048576K
Event: 48.252 GC heap after
Heap after GC invocations=10 (full 1):
 PSYoungGen      total 100352K, used 4802K [0x0000000795580000, 0x000000079cd80000, 0x00000007c0000000)
  eden space 88064K, 0% used [0x0000000795580000,0x0000000795580000,0x000000079ab80000)
  from space 12288K, 39% used [0x000000079ab80000,0x000000079b030b10,0x000000079b780000)
  to   space 11776K, 0% used [0x000000079c200000,0x000000079c200000,0x000000079cd80000)
 ParOldGen       total 61952K, used 16953K [0x0000000740000000, 0x0000000743c80000, 0x0000000795580000)
  object space 61952K, 27% used [0x0000000740000000,0x000000074108e6d8,0x0000000743c80000)
 Metaspace       used 24029K, capacity 24299K, committed 24832K, reserved 1071104K
  class space    used 2365K, capacity 2450K, committed 2560K, reserved 1048576K
}
Event: 58.736 GC heap before
{Heap before GC invocations=11 (full 1):
 PSYoungGen      total 100352K, used 92866K [0x0000000795580000, 0x000000079cd80000, 0x00000007c0000000)
  eden space 88064K, 100% used [0x0000000795580000,0x000000079ab80000,0x000000079ab80000)
  from space 12288K, 39% used [0x000000079ab80000,0x000000079b030b10,0x000000079b780000)
  to   space 11776K, 0% used [0x000000079c200000,0x000000079c200000,0x000000079cd80000)
 ParOldGen       total 61952K, used 16953K [0x0000000740000000, 0x0000000743c80000, 0x0000000795580000)
  object space 61952K, 27% used [0x0000000740000000,0x000000074108e6d8,0x0000000743c80000)
 Metaspace       used 24029K, capacity 24299K, committed 24832K, reserved 1071104K
  class space    used 2365K, capacity 2450K, committed 2560K, reserved 1048576K
Event: 58.739 GC heap after
Heap after GC invocations=11 (full 1):
 PSYoungGen      total 90624K, used 4834K [0x0000000795580000, 0x000000079c700000, 0x00000007c0000000)
  eden space 85504K, 0% used [0x0000000795580000,0x0000000795580000,0x000000079a900000)
  from space 5120K, 94% used [0x000000079c200000,0x000000079c6b8b10,0x000000079c700000)
  to   space 11264K, 0% used [0x000000079b100000,0x000000079b100000,0x000000079bc00000)
 ParOldGen       total 61952K, used 16953K [0x0000000740000000, 0x0000000743c80000, 0x0000000795580000)
  object space 61952K, 27% used [0x0000000740000000,0x000000074108e6d8,0x0000000743c80000)
 Metaspace       used 24029K, capacity 24299K, committed 24832K, reserved 1071104K
  class space    used 2365K, capacity 2450K, committed 2560K, reserved 1048576K
}
Event: 68.921 GC heap before
{Heap before GC invocations=12 (full 1):
 PSYoungGen      total 90624K, used 90338K [0x0000000795580000, 0x000000079c700000, 0x00000007c0000000)
  eden space 85504K, 100% used [0x0000000795580000,0x000000079a900000,0x000000079a900000)
  from space 5120K, 94% used [0x000000079c200000,0x000000079c6b8b10,0x000000079c700000)
  to   space 11264K, 0% used [0x000000079b100000,0x000000079b100000,0x000000079bc00000)
 ParOldGen       total 61952K, used 16953K [0x0000000740000000, 0x0000000743c80000, 0x0000000795580000)
  object space 61952K, 27% used [0x0000000740000000,0x000000074108e6d8,0x0000000743c80000)
 Metaspace       used 24029K, capacity 24299K, committed 24832K, reserved 1071104K
  class space    used 2365K, capacity 2450K, committed 2560K, reserved 1048576K
Event: 68.924 GC heap after
Heap after GC invocations=12 (full 1):
 PSYoungGen      total 88064K, used 4866K [0x0000000795580000, 0x000000079c280000, 0x00000007c0000000)
  eden space 82944K, 0% used [0x0000000795580000,0x0000000795580000,0x000000079a680000)
  from space 5120K, 95% used [0x000000079b100000,0x000000079b5c0b10,0x000000079b600000)
  to   space 11264K, 0% used [0x000000079b780000,0x000000079b780000,0x000000079c280000)
 ParOldGen       total 61952K, used 16953K [0x0000000740000000, 0x0000000743c80000, 0x0000000795580000)
  object space 61952K, 27% used [0x0000000740000000,0x000000074108e6d8,0x0000000743c80000)
 Metaspace       used 24029K, capacity 24299K, committed 24832K, reserved 1071104K
  class space    used 2365K, capacity 2450K, committed 2560K, reserved 1048576K
}
Event: 78.794 GC heap before
{Heap before GC invocations=13 (full 1):
 PSYoungGen      total 88064K, used 87810K [0x0000000795580000, 0x000000079c280000, 0x00000007c0000000)
  eden space 82944K, 100% used [0x0000000795580000,0x000000079a680000,0x000000079a680000)
  from space 5120K, 95% used [0x000000079b100000,0x000000079b5c0b10,0x000000079b600000)
  to   space 11264K, 0% used [0x000000079b780000,0x000000079b780000,0x000000079c280000)
 ParOldGen       total 61952K, used 16953K [0x0000000740000000, 0x0000000743c80000, 0x0000000795580000)
  object space 61952K, 27% used [0x0000000740000000,0x000000074108e6d8,0x0000000743c80000)
 Metaspace       used 24029K, capacity 24299K, committed 24832K, reserved 1071104K
  class space    used 2365K, capacity 2450K, committed 2560K, reserved 1048576K
Event: 78.797 GC heap after
Heap after GC invocations=13 (full 1):
 PSYoungGen      total 85504K, used 4850K [0x0000000795580000, 0x000000079bc80000, 0x00000007c0000000)
  eden space 80384K, 0% used [0x0000000795580000,0x0000000795580000,0x000000079a400000)
  from space 5120K, 94% used [0x000000079b780000,0x000000079bc3cb20,0x000000079bc80000)
  to   space 10752K, 0% used [0x000000079a780000,0x000000079a780000,0x000000079b200000)
 ParOldGen       total 61952K, used 16961K [0x0000000740000000, 0x0000000743c80000, 0x0000000795580000)
  object space 61952K, 27% used [0x0000000740000000,0x00000007410906d8,0x0000000743c80000)
 Metaspace       used 24029K, capacity 24299K, committed 24832K, reserved 1071104K
  class space    used 2365K, capacity 2450K, committed 2560K, reserved 1048576K
}

