# JRE version: Java(TM) SE Runtime Environment (8.0_101-b13) (build 1.8.0_101-b13)
# Java VM: Java HotSpot(TM) 64-Bit Server VM (25.101-b13 mixed mode bsd-amd64 compressed oops)
Heap:
 PSYoungGen      total 61952K, used 57817K [0x0000000795580000, 0x000000079a780000, 0x00000007c0000000)
  eden space 56832K, 93% used [0x0000000795580000,0x00000007989262e0,0x0000000798d00000)
  from space 5120K, 96% used [0x0000000799500000,0x00000007999d0160,0x0000000799a00000)
  to   space 11264K, 0% used [0x0000000799c80000,0x0000000799c80000,0x000000079a780000)
 ParOldGen       total 67072K, used 16816K [0x0000000740000000, 0x0000000744180000, 0x0000000795580000)
  object space 67072K, 25% used [0x0000000740000000,0x000000074106c370,0x0000000744180000)
 Metaspace       used 24079K, capacity 24331K, committed 24832K, reserved 1071104K
  class space    used 2370K, capacity 2482K, committed 2560K, reserved 1048576K
GC Heap History (10 events):
Event: 10.926 GC heap before
{Heap before GC invocations=6 (full 1):
 PSYoungGen      total 50176K, used 50160K [0x0000000795580000, 0x0000000798d00000, 0x00000007c0000000)
  eden space 45056K, 100% used [0x0000000795580000,0x0000000798180000,0x0000000798180000)
  from space 5120K, 99% used [0x0000000798800000,0x0000000798cfc170,0x0000000798d00000)
  to   space 5120K, 0% used [0x0000000798300000,0x0000000798300000,0x0000000798800000)
 ParOldGen       total 67072K, used 16792K [0x0000000740000000, 0x0000000744180000, 0x0000000795580000)
  object space 67072K, 25% used [0x0000000740000000,0x0000000741066370,0x0000000744180000)
 Metaspace       used 23963K, capacity 24229K, committed 24576K, reserved 1071104K
  class space    used 2362K, capacity 2449K, committed 2560K, reserved 1048576K
Event: 10.931 GC heap after
Heap after GC invocations=6 (full 1):
 PSYoungGen      total 51712K, used 5104K [0x0000000795580000, 0x000000079a700000, 0x00000007c0000000)
  eden space 46592K, 0% used [0x0000000795580000,0x0000000795580000,0x0000000798300000)
  from space 5120K, 99% used [0x0000000798300000,0x00000007987fc170,0x0000000798800000)
  to   space 12288K, 0% used [0x0000000799b00000,0x0000000799b00000,0x000000079a700000)
 ParOldGen       total 67072K, used 16808K [0x0000000740000000, 0x0000000744180000, 0x0000000795580000)
  object space 67072K, 25% used [0x0000000740000000,0x000000074106a370,0x0000000744180000)
 Metaspace       used 23963K, capacity 24229K, committed 24576K, reserved 1071104K
  class space    used 2362K, capacity 2449K, committed 2560K, reserved 1048576K
}
Event: 16.357 GC heap before
{Heap before GC invocations=7 (full 1):
 PSYoungGen      total 51712K, used 51696K [0x0000000795580000, 0x000000079a700000, 0x00000007c0000000)
  eden space 46592K, 100% used [0x0000000795580000,0x0000000798300000,0x0000000798300000)
  from space 5120K, 99% used [0x0000000798300000,0x00000007987fc170,0x0000000798800000)
  to   space 12288K, 0% used [0x0000000799b00000,0x0000000799b00000,0x000000079a700000)
 ParOldGen       total 67072K, used 16808K [0x0000000740000000, 0x0000000744180000, 0x0000000795580000)
  object space 67072K, 25% used [0x0000000740000000,0x000000074106a370,0x0000000744180000)
 Metaspace       used 24035K, capacity 24293K, committed 24576K, reserved 1071104K
  class space    used 2362K, capacity 2449K, committed 2560K, reserved 1048576K
Event: 16.361 GC heap after
Heap after GC invocations=7 (full 1):
 PSYoungGen      total 71168K, used 4992K [0x0000000795580000, 0x000000079a700000, 0x00000007c0000000)
  eden space 58880K, 0% used [0x0000000795580000,0x0000000795580000,0x0000000798f00000)
  from space 12288K, 40% used [0x0000000799b00000,0x0000000799fe0160,0x000000079a700000)
  to   space 12288K, 0% used [0x0000000798f00000,0x0000000798f00000,0x0000000799b00000)
 ParOldGen       total 67072K, used 16816K [0x0000000740000000, 0x0000000744180000, 0x0000000795580000)
  object space 67072K, 25% used [0x0000000740000000,0x000000074106c370,0x0000000744180000)
 Metaspace       used 24035K, capacity 24293K, committed 24576K, reserved 1071104K
  class space    used 2362K, capacity 2449K, committed 2560K, reserved 1048576K
}
Event: 23.327 GC heap before
{Heap before GC invocations=8 (full 1):
 PSYoungGen      total 71168K, used 63872K [0x0000000795580000, 0x000000079a700000, 0x00000007c0000000)
  eden space 58880K, 100% used [0x0000000795580000,0x0000000798f00000,0x0000000798f00000)
  from space 12288K, 40% used [0x0000000799b00000,0x0000000799fe0160,0x000000079a700000)
  to   space 12288K, 0% used [0x0000000798f00000,0x0000000798f00000,0x0000000799b00000)
 ParOldGen       total 67072K, used 16816K [0x0000000740000000, 0x0000000744180000, 0x0000000795580000)
  object space 67072K, 25% used [0x0000000740000000,0x000000074106c370,0x0000000744180000)
 Metaspace       used 24036K, capacity 24293K, committed 24576K, reserved 1071104K
  class space    used 2362K, capacity 2449K, committed 2560K, reserved 1048576K
Event: 23.329 GC heap after
Heap after GC invocations=8 (full 1):
 PSYoungGen      total 71168K, used 5024K [0x0000000795580000, 0x000000079b280000, 0x00000007c0000000)
  eden space 58880K, 0% used [0x0000000795580000,0x0000000795580000,0x0000000798f00000)
  from space 12288K, 40% used [0x0000000798f00000,0x00000007993e8160,0x0000000799b00000)
  to   space 11776K, 0% used [0x000000079a700000,0x000000079a700000,0x000000079b280000)
 ParOldGen       total 67072K, used 16816K [0x0000000740000000, 0x0000000744180000, 0x0000000795580000)
  object space 67072K, 25% used [0x0000000740000000,0x000000074106c370,0x0000000744180000)
 Metaspace       used 24036K, capacity 24293K, committed 24576K, reserved 1071104K
  class space    used 2362K, capacity 2449K, committed 2560K, reserved 1048576K
}
Event: 30.312 GC heap before
{Heap before GC invocations=9 (full 1):
 PSYoungGen      total 71168K, used 63904K [0x0000000795580000, 0x000000079b280000, 0x00000007c0000000)
  eden space 58880K, 100% used [0x0000000795580000,0x0000000798f00000,0x0000000798f00000)
  from space 12288K, 40% used [0x0000000798f00000,0x00000007993e8160,0x0000000799b00000)
  to   space 11776K, 0% used [0x000000079a700000,0x000000079a700000,0x000000079b280000)
 ParOldGen       total 67072K, used 16816K [0x0000000740000000, 0x0000000744180000, 0x0000000795580000)
  object space 67072K, 25% used [0x0000000740000000,0x000000074106c370,0x0000000744180000)
 Metaspace       used 24039K, capacity 24293K, committed 24576K, reserved 1071104K
  class space    used 2362K, capacity 2449K, committed 2560K, reserved 1048576K
Event: 30.317 GC heap after
Heap after GC invocations=9 (full 1):
 PSYoungGen      total 62976K, used 4992K [0x0000000795580000, 0x000000079ac00000, 0x00000007c0000000)
  eden space 57856K, 0% used [0x0000000795580000,0x0000000795580000,0x0000000798e00000)
  from space 5120K, 97% used [0x000000079a700000,0x000000079abe0160,0x000000079ac00000)
  to   space 11776K, 0% used [0x0000000799500000,0x0000000799500000,0x000000079a080000)
 ParOldGen       total 67072K, used 16816K [0x0000000740000000, 0x0000000744180000, 0x0000000795580000)
  object space 67072K, 25% used [0x0000000740000000,0x000000074106c370,0x0000000744180000)
 Metaspace       used 24039K, capacity 24293K, committed 24576K, reserved 1071104K
  class space    used 2362K, capacity 2449K, committed 2560K, reserved 1048576K
}
Event: 37.181 GC heap before
{Heap before GC invocations=10 (full 1):
 PSYoungGen      total 62976K, used 62848K [0x0000000795580000, 0x000000079ac00000, 0x00000007c0000000)
  eden space 57856K, 100% used [0x0000000795580000,0x0000000798e00000,0x0000000798e00000)
  from space 5120K, 97% used [0x000000079a700000,0x000000079abe0160,0x000000079ac00000)
  to   space 11776K, 0% used [0x0000000799500000,0x0000000799500000,0x000000079a080000)
 ParOldGen       total 67072K, used 16816K [0x0000000740000000, 0x0000000744180000, 0x0000000795580000)
  object space 67072K, 25% used [0x0000000740000000,0x000000074106c370,0x0000000744180000)
 Metaspace       used 24039K, capacity 24293K, committed 24576K, reserved 1071104K
  class space    used 2362K, capacity 2449K, committed 2560K, reserved 1048576K
Event: 37.187 GC heap after
Heap after GC invocations=10 (full 1):
 PSYoungGen      total 61952K, used 4928K [0x0000000795580000, 0x000000079a780000, 0x00000007c0000000)
  eden space 56832K, 0% used [0x0000000795580000,0x0000000795580000,0x0000000798d00000)
  from space 5120K, 96% used [0x0000000799500000,0x00000007999d0160,0x0000000799a00000)
  to   space 11264K, 0% used [0x0000000799c80000,0x0000000799c80000,0x000000079a780000)
 ParOldGen       total 67072K, used 16816K [0x0000000740000000, 0x0000000744180000, 0x0000000795580000)
  object space 67072K, 25% used [0x0000000740000000,0x000000074106c370,0x0000000744180000)
 Metaspace       used 24039K, capacity 24293K, committed 24576K, reserved 1071104K
  class space    used 2362K, capacity 2449K, committed 2560K, reserved 1048576K
}

