# JRE version: Java(TM) SE Runtime Environment (8.0_101-b13) (build 1.8.0_101-b13)
# Java VM: Java HotSpot(TM) 64-Bit Server VM (25.101-b13 mixed mode bsd-amd64 compressed oops)
Heap:
 PSYoungGen      total 50688K, used 8912K [0x0000000795580000, 0x0000000798e00000, 0x00000007c0000000)
  eden space 45568K, 8% used [0x0000000795580000,0x0000000795937f38,0x0000000798200000)
  from space 5120K, 99% used [0x0000000798900000,0x0000000798dfc160,0x0000000798e00000)
  to   space 5120K, 0% used [0x0000000798400000,0x0000000798400000,0x0000000798900000)
 ParOldGen       total 66048K, used 16708K [0x0000000740000000, 0x0000000744080000, 0x0000000795580000)
  object space 66048K, 25% used [0x0000000740000000,0x00000007410512f0,0x0000000744080000)
 Metaspace       used 23478K, capacity 23687K, committed 23936K, reserved 1071104K
  class space    used 2329K, capacity 2418K, committed 2432K, reserved 1048576K
GC Heap History (10 events):
Event: 2.807 GC heap before
{Heap before GC invocations=1 (full 0):
 PSYoungGen      total 38400K, used 33280K [0x0000000795580000, 0x0000000798000000, 0x00000007c0000000)
  eden space 33280K, 100% used [0x0000000795580000,0x0000000797600000,0x0000000797600000)
  from space 5120K, 0% used [0x0000000797b00000,0x0000000797b00000,0x0000000798000000)
  to   space 5120K, 0% used [0x0000000797600000,0x0000000797600000,0x0000000797b00000)
 ParOldGen       total 87552K, used 0K [0x0000000740000000, 0x0000000745580000, 0x0000000795580000)
  object space 87552K, 0% used [0x0000000740000000,0x0000000740000000,0x0000000745580000)
 Metaspace       used 15972K, capacity 16155K, committed 16384K, reserved 1064960K
  class space    used 1619K, capacity 1692K, committed 1792K, reserved 1048576K
Event: 2.816 GC heap after
Heap after GC invocations=1 (full 0):
 PSYoungGen      total 38400K, used 5026K [0x0000000795580000, 0x0000000798000000, 0x00000007c0000000)
  eden space 33280K, 0% used [0x0000000795580000,0x0000000795580000,0x0000000797600000)
  from space 5120K, 98% used [0x0000000797600000,0x0000000797ae8af8,0x0000000797b00000)
  to   space 5120K, 0% used [0x0000000797b00000,0x0000000797b00000,0x0000000798000000)
 ParOldGen       total 87552K, used 16K [0x0000000740000000, 0x0000000745580000, 0x0000000795580000)
  object space 87552K, 0% used [0x0000000740000000,0x0000000740004000,0x0000000745580000)
 Metaspace       used 15972K, capacity 16155K, committed 16384K, reserved 1064960K
  class space    used 1619K, capacity 1692K, committed 1792K, reserved 1048576K
}
Event: 4.259 GC heap before
{Heap before GC invocations=2 (full 0):
 PSYoungGen      total 38400K, used 29788K [0x0000000795580000, 0x0000000798000000, 0x00000007c0000000)
  eden space 33280K, 74% used [0x0000000795580000,0x0000000796dae7f8,0x0000000797600000)
  from space 5120K, 98% used [0x0000000797600000,0x0000000797ae8af8,0x0000000797b00000)
  to   space 5120K, 0% used [0x0000000797b00000,0x0000000797b00000,0x0000000798000000)
 ParOldGen       total 87552K, used 16K [0x0000000740000000, 0x0000000745580000, 0x0000000795580000)
  object space 87552K, 0% used [0x0000000740000000,0x0000000740004000,0x0000000745580000)
 Metaspace       used 20852K, capacity 21079K, committed 21248K, reserved 1069056K
  class space    used 2144K, capacity 2256K, committed 2304K, reserved 1048576K
Event: 4.273 GC heap after
Heap after GC invocations=2 (full 0):
 PSYoungGen      total 38400K, used 5090K [0x0000000795580000, 0x0000000798000000, 0x00000007c0000000)
  eden space 33280K, 0% used [0x0000000795580000,0x0000000795580000,0x0000000797600000)
  from space 5120K, 99% used [0x0000000797b00000,0x0000000797ff89c0,0x0000000798000000)
  to   space 5120K, 0% used [0x0000000797600000,0x0000000797600000,0x0000000797b00000)
 ParOldGen       total 87552K, used 3588K [0x0000000740000000, 0x0000000745580000, 0x0000000795580000)
  object space 87552K, 4% used [0x0000000740000000,0x0000000740381318,0x0000000745580000)
 Metaspace       used 20852K, capacity 21079K, committed 21248K, reserved 1069056K
  class space    used 2144K, capacity 2256K, committed 2304K, reserved 1048576K
}
Event: 4.273 GC heap before
{Heap before GC invocations=3 (full 1):
 PSYoungGen      total 38400K, used 5090K [0x0000000795580000, 0x0000000798000000, 0x00000007c0000000)
  eden space 33280K, 0% used [0x0000000795580000,0x0000000795580000,0x0000000797600000)
  from space 5120K, 99% used [0x0000000797b00000,0x0000000797ff89c0,0x0000000798000000)
  to   space 5120K, 0% used [0x0000000797600000,0x0000000797600000,0x0000000797b00000)
 ParOldGen       total 87552K, used 3588K [0x0000000740000000, 0x0000000745580000, 0x0000000795580000)
  object space 87552K, 4% used [0x0000000740000000,0x0000000740381318,0x0000000745580000)
 Metaspace       used 20852K, capacity 21079K, committed 21248K, reserved 1069056K
  class space    used 2144K, capacity 2256K, committed 2304K, reserved 1048576K
Event: 4.310 GC heap after
Heap after GC invocations=3 (full 1):
 PSYoungGen      total 38400K, used 0K [0x0000000795580000, 0x0000000798000000, 0x00000007c0000000)
  eden space 33280K, 0% used [0x0000000795580000,0x0000000795580000,0x0000000797600000)
  from space 5120K, 0% used [0x0000000797b00000,0x0000000797b00000,0x0000000798000000)
  to   space 5120K, 0% used [0x0000000797600000,0x0000000797600000,0x0000000797b00000)
 ParOldGen       total 66048K, used 8486K [0x0000000740000000, 0x0000000744080000, 0x0000000795580000)
  object space 66048K, 12% used [0x0000000740000000,0x00000007408499f0,0x0000000744080000)
 Metaspace       used 20852K, capacity 21079K, committed 21248K, reserved 1069056K
  class space    used 2144K, capacity 2256K, committed 2304K, reserved 1048576K
}
Event: 5.650 GC heap before
{Heap before GC invocations=4 (full 1):
 PSYoungGen      total 38400K, used 33148K [0x0000000795580000, 0x0000000798000000, 0x00000007c0000000)
  eden space 33280K, 99% used [0x0000000795580000,0x00000007975df008,0x0000000797600000)
  from space 5120K, 0% used [0x0000000797b00000,0x0000000797b00000,0x0000000798000000)
  to   space 5120K, 0% used [0x0000000797600000,0x0000000797600000,0x0000000797b00000)
 ParOldGen       total 66048K, used 8486K [0x0000000740000000, 0x0000000744080000, 0x0000000795580000)
  object space 66048K, 12% used [0x0000000740000000,0x00000007408499f0,0x0000000744080000)
 Metaspace       used 22939K, capacity 23229K, committed 23424K, reserved 1071104K
  class space    used 2315K, capacity 2417K, committed 2432K, reserved 1048576K
Event: 5.659 GC heap after
Heap after GC invocations=4 (full 1):
 PSYoungGen      total 38400K, used 5088K [0x0000000795580000, 0x0000000798e00000, 0x00000007c0000000)
  eden space 33280K, 0% used [0x0000000795580000,0x0000000795580000,0x0000000797600000)
  from space 5120K, 99% used [0x0000000797600000,0x0000000797af8160,0x0000000797b00000)
  to   space 5120K, 0% used [0x0000000798900000,0x0000000798900000,0x0000000798e00000)
 ParOldGen       total 66048K, used 15300K [0x0000000740000000, 0x0000000744080000, 0x0000000795580000)
  object space 66048K, 23% used [0x0000000740000000,0x0000000740ef10d0,0x0000000744080000)
 Metaspace       used 22939K, capacity 23229K, committed 23424K, reserved 1071104K
  class space    used 2315K, capacity 2417K, committed 2432K, reserved 1048576K
}
Event: 11.620 GC heap before
{Heap before GC invocations=5 (full 1):
 PSYoungGen      total 38400K, used 38368K [0x0000000795580000, 0x0000000798e00000, 0x00000007c0000000)
  eden space 33280K, 100% used [0x0000000795580000,0x0000000797600000,0x0000000797600000)
  from space 5120K, 99% used [0x0000000797600000,0x0000000797af8160,0x0000000797b00000)
  to   space 5120K, 0% used [0x0000000798900000,0x0000000798900000,0x0000000798e00000)
 ParOldGen       total 66048K, used 15300K [0x0000000740000000, 0x0000000744080000, 0x0000000795580000)
  object space 66048K, 23% used [0x0000000740000000,0x0000000740ef10d0,0x0000000744080000)
 Metaspace       used 23440K, capacity 23687K, committed 23936K, reserved 1071104K
  class space    used 2321K, capacity 2418K, committed 2432K, reserved 1048576K
Event: 11.625 GC heap after
Heap after GC invocations=5 (full 1):
 PSYoungGen      total 50688K, used 5104K [0x0000000795580000, 0x0000000798e00000, 0x00000007c0000000)
  eden space 45568K, 0% used [0x0000000795580000,0x0000000795580000,0x0000000798200000)
  from space 5120K, 99% used [0x0000000798900000,0x0000000798dfc160,0x0000000798e00000)
  to   space 5120K, 0% used [0x0000000798400000,0x0000000798400000,0x0000000798900000)
 ParOldGen       total 66048K, used 16708K [0x0000000740000000, 0x0000000744080000, 0x0000000795580000)
  object space 66048K, 25% used [0x0000000740000000,0x00000007410512f0,0x0000000744080000)
 Metaspace       used 23440K, capacity 23687K, committed 23936K, reserved 1071104K
  class space    used 2321K, capacity 2418K, committed 2432K, reserved 1048576K
}

