# JRE version: Java(TM) SE Runtime Environment (8.0_101-b13) (build 1.8.0_101-b13)
# Java VM: Java HotSpot(TM) 64-Bit Server VM (25.101-b13 mixed mode bsd-amd64 compressed oops)
Heap:
 PSYoungGen      total 61952K, used 33389K [0x0000000795580000, 0x0000000799e00000, 0x00000007c0000000)
  eden space 52736K, 54% used [0x0000000795580000,0x000000079718f480,0x0000000798900000)
  from space 9216K, 50% used [0x0000000799500000,0x000000079998c100,0x0000000799e00000)
  to   space 10752K, 0% used [0x0000000798900000,0x0000000798900000,0x0000000799380000)
 ParOldGen       total 68096K, used 17240K [0x0000000740000000, 0x0000000744280000, 0x0000000795580000)
  object space 68096K, 25% used [0x0000000740000000,0x00000007410d61b8,0x0000000744280000)
 Metaspace       used 24067K, capacity 24331K, committed 24832K, reserved 1071104K
  class space    used 2370K, capacity 2482K, committed 2560K, reserved 1048576K
GC Heap History (10 events):
Event: 29.568 GC heap before
{Heap before GC invocations=9 (full 1):
 PSYoungGen      total 70144K, used 62496K [0x0000000795580000, 0x000000079b200000, 0x00000007c0000000)
  eden space 57856K, 100% used [0x0000000795580000,0x0000000798e00000,0x0000000798e00000)
  from space 12288K, 37% used [0x0000000798e00000,0x00000007992880f0,0x0000000799a00000)
  to   space 12288K, 0% used [0x000000079a600000,0x000000079a600000,0x000000079b200000)
 ParOldGen       total 68096K, used 17240K [0x0000000740000000, 0x0000000744280000, 0x0000000795580000)
  object space 68096K, 25% used [0x0000000740000000,0x00000007410d61b8,0x0000000744280000)
 Metaspace       used 24037K, capacity 24299K, committed 24832K, reserved 1071104K
  class space    used 2362K, capacity 2450K, committed 2560K, reserved 1048576K
Event: 29.573 GC heap after
Heap after GC invocations=9 (full 1):
 PSYoungGen      total 61440K, used 4576K [0x0000000795580000, 0x000000079aa80000, 0x00000007c0000000)
  eden space 56832K, 0% used [0x0000000795580000,0x0000000795580000,0x0000000798d00000)
  from space 4608K, 99% used [0x000000079a600000,0x000000079aa780f0,0x000000079aa80000)
  to   space 11776K, 0% used [0x0000000799380000,0x0000000799380000,0x0000000799f00000)
 ParOldGen       total 68096K, used 17240K [0x0000000740000000, 0x0000000744280000, 0x0000000795580000)
  object space 68096K, 25% used [0x0000000740000000,0x00000007410d61b8,0x0000000744280000)
 Metaspace       used 24037K, capacity 24299K, committed 24832K, reserved 1071104K
  class space    used 2362K, capacity 2450K, committed 2560K, reserved 1048576K
}
Event: 36.323 GC heap before
{Heap before GC invocations=10 (full 1):
 PSYoungGen      total 61440K, used 61408K [0x0000000795580000, 0x000000079aa80000, 0x00000007c0000000)
  eden space 56832K, 100% used [0x0000000795580000,0x0000000798d00000,0x0000000798d00000)
  from space 4608K, 99% used [0x000000079a600000,0x000000079aa780f0,0x000000079aa80000)
  to   space 11776K, 0% used [0x0000000799380000,0x0000000799380000,0x0000000799f00000)
 ParOldGen       total 68096K, used 17240K [0x0000000740000000, 0x0000000744280000, 0x0000000795580000)
  object space 68096K, 25% used [0x0000000740000000,0x00000007410d61b8,0x0000000744280000)
 Metaspace       used 24037K, capacity 24299K, committed 24832K, reserved 1071104K
  class space    used 2362K, capacity 2450K, committed 2560K, reserved 1048576K
Event: 36.326 GC heap after
Heap after GC invocations=10 (full 1):
 PSYoungGen      total 60928K, used 4608K [0x0000000795580000, 0x000000079a680000, 0x00000007c0000000)
  eden space 55808K, 0% used [0x0000000795580000,0x0000000795580000,0x0000000798c00000)
  from space 5120K, 90% used [0x0000000799380000,0x00000007998000f0,0x0000000799880000)
  to   space 11776K, 0% used [0x0000000799b00000,0x0000000799b00000,0x000000079a680000)
 ParOldGen       total 68096K, used 17240K [0x0000000740000000, 0x0000000744280000, 0x0000000795580000)
  object space 68096K, 25% used [0x0000000740000000,0x00000007410d61b8,0x0000000744280000)
 Metaspace       used 24037K, capacity 24299K, committed 24832K, reserved 1071104K
  class space    used 2362K, capacity 2450K, committed 2560K, reserved 1048576K
}
Event: 42.975 GC heap before
{Heap before GC invocations=11 (full 1):
 PSYoungGen      total 60928K, used 60416K [0x0000000795580000, 0x000000079a680000, 0x00000007c0000000)
  eden space 55808K, 100% used [0x0000000795580000,0x0000000798c00000,0x0000000798c00000)
  from space 5120K, 90% used [0x0000000799380000,0x00000007998000f0,0x0000000799880000)
  to   space 11776K, 0% used [0x0000000799b00000,0x0000000799b00000,0x000000079a680000)
 ParOldGen       total 68096K, used 17240K [0x0000000740000000, 0x0000000744280000, 0x0000000795580000)
  object space 68096K, 25% used [0x0000000740000000,0x00000007410d61b8,0x0000000744280000)
 Metaspace       used 24037K, capacity 24299K, committed 24832K, reserved 1071104K
  class space    used 2362K, capacity 2450K, committed 2560K, reserved 1048576K
Event: 42.977 GC heap after
Heap after GC invocations=11 (full 1):
 PSYoungGen      total 60928K, used 4656K [0x0000000795580000, 0x000000079a100000, 0x00000007c0000000)
  eden space 54784K, 0% used [0x0000000795580000,0x0000000795580000,0x0000000798b00000)
  from space 6144K, 75% used [0x0000000799b00000,0x0000000799f8c100,0x000000079a100000)
  to   space 11264K, 0% used [0x0000000798b00000,0x0000000798b00000,0x0000000799600000)
 ParOldGen       total 68096K, used 17240K [0x0000000740000000, 0x0000000744280000, 0x0000000795580000)
  object space 68096K, 25% used [0x0000000740000000,0x00000007410d61b8,0x0000000744280000)
 Metaspace       used 24037K, capacity 24299K, committed 24832K, reserved 1071104K
  class space    used 2362K, capacity 2450K, committed 2560K, reserved 1048576K
}
Event: 49.492 GC heap before
{Heap before GC invocations=12 (full 1):
 PSYoungGen      total 60928K, used 59440K [0x0000000795580000, 0x000000079a100000, 0x00000007c0000000)
  eden space 54784K, 100% used [0x0000000795580000,0x0000000798b00000,0x0000000798b00000)
  from space 6144K, 75% used [0x0000000799b00000,0x0000000799f8c100,0x000000079a100000)
  to   space 11264K, 0% used [0x0000000798b00000,0x0000000798b00000,0x0000000799600000)
 ParOldGen       total 68096K, used 17240K [0x0000000740000000, 0x0000000744280000, 0x0000000795580000)
  object space 68096K, 25% used [0x0000000740000000,0x00000007410d61b8,0x0000000744280000)
 Metaspace       used 24037K, capacity 24299K, committed 24832K, reserved 1071104K
  class space    used 2362K, capacity 2450K, committed 2560K, reserved 1048576K
Event: 49.494 GC heap after
Heap after GC invocations=12 (full 1):
 PSYoungGen      total 58880K, used 4656K [0x0000000795580000, 0x000000079a000000, 0x00000007c0000000)
  eden space 53760K, 0% used [0x0000000795580000,0x0000000795580000,0x0000000798a00000)
  from space 5120K, 90% used [0x0000000798b00000,0x0000000798f8c100,0x0000000799000000)
  to   space 11264K, 0% used [0x0000000799500000,0x0000000799500000,0x000000079a000000)
 ParOldGen       total 68096K, used 17240K [0x0000000740000000, 0x0000000744280000, 0x0000000795580000)
  object space 68096K, 25% used [0x0000000740000000,0x00000007410d61b8,0x0000000744280000)
 Metaspace       used 24037K, capacity 24299K, committed 24832K, reserved 1071104K
  class space    used 2362K, capacity 2450K, committed 2560K, reserved 1048576K
}
Event: 55.895 GC heap before
{Heap before GC invocations=13 (full 1):
 PSYoungGen      total 58880K, used 58416K [0x0000000795580000, 0x000000079a000000, 0x00000007c0000000)
  eden space 53760K, 100% used [0x0000000795580000,0x0000000798a00000,0x0000000798a00000)
  from space 5120K, 90% used [0x0000000798b00000,0x0000000798f8c100,0x0000000799000000)
  to   space 11264K, 0% used [0x0000000799500000,0x0000000799500000,0x000000079a000000)
 ParOldGen       total 68096K, used 17240K [0x0000000740000000, 0x0000000744280000, 0x0000000795580000)
  object space 68096K, 25% used [0x0000000740000000,0x00000007410d61b8,0x0000000744280000)
 Metaspace       used 24037K, capacity 24299K, committed 24832K, reserved 1071104K
  class space    used 2362K, capacity 2450K, committed 2560K, reserved 1048576K
Event: 55.899 GC heap after
Heap after GC invocations=13 (full 1):
 PSYoungGen      total 61952K, used 4656K [0x0000000795580000, 0x0000000799e00000, 0x00000007c0000000)
  eden space 52736K, 0% used [0x0000000795580000,0x0000000795580000,0x0000000798900000)
  from space 9216K, 50% used [0x0000000799500000,0x000000079998c100,0x0000000799e00000)
  to   space 10752K, 0% used [0x0000000798900000,0x0000000798900000,0x0000000799380000)
 ParOldGen       total 68096K, used 17240K [0x0000000740000000, 0x0000000744280000, 0x0000000795580000)
  object space 68096K, 25% used [0x0000000740000000,0x00000007410d61b8,0x0000000744280000)
 Metaspace       used 24037K, capacity 24299K, committed 24832K, reserved 1071104K
  class space    used 2362K, capacity 2450K, committed 2560K, reserved 1048576K
}

